Log file open, 07/08/20 13:22:28
LogInit: Display: Running engine for game: Rune
LogPlatformFile: Not using cached read wrapper
LogTaskGraph: Started task graph with 5 named threads and 23 total threads with 3 sets of task threads.
LogStats: Stats thread started at 1.467377
LogD3D11RHI: Loaded GFSDK_Aftermath_Lib.x64.dll
LogICUInternationalization: ICU TimeZone Detection - Raw Offset: +1:00, Platform Override: ''
LogPluginManager: Mounting plugin Paper2D
LogPluginManager: Mounting plugin AISupport
LogPluginManager: Mounting plugin LightPropagationVolume
LogPluginManager: Mounting plugin CameraShakePreviewer
LogPluginManager: Mounting plugin ActorLayerUtilities
LogPluginManager: Mounting plugin AnimationSharing
LogPluginManager: Mounting plugin CLionSourceCodeAccess
LogPluginManager: Mounting plugin CodeLiteSourceCodeAccess
LogPluginManager: Mounting plugin GitSourceControl
LogPluginManager: Mounting plugin KDevelopSourceCodeAccess
LogPluginManager: Mounting plugin NullSourceCodeAccess
LogPluginManager: Mounting plugin PerforceSourceControl
LogPluginManager: Mounting plugin PlasticSourceControl
LogPluginManager: Mounting plugin RiderSourceCodeAccess
LogPluginManager: Mounting plugin SubversionSourceControl
LogPluginManager: Mounting plugin UObjectPlugin
LogPluginManager: Mounting plugin VisualStudioCodeSourceCodeAccess
LogPluginManager: Mounting plugin VisualStudioSourceCodeAccess
LogPluginManager: Mounting plugin XCodeSourceCodeAccess
LogPluginManager: Mounting plugin AssetManagerEditor
LogPluginManager: Mounting plugin CryptoKeys
LogPluginManager: Mounting plugin CurveEditorTools
LogPluginManager: Mounting plugin DataValidation
LogPluginManager: Mounting plugin EditorScriptingUtilities
LogPluginManager: Mounting plugin FacialAnimation
LogPluginManager: Mounting plugin GameplayTagsEditor
LogPluginManager: Mounting plugin GeometryMode
LogPluginManager: Mounting plugin MacGraphicsSwitching
LogPluginManager: Mounting plugin MaterialAnalyzer
LogPluginManager: Mounting plugin MobileLauncherProfileWizard
LogPluginManager: Mounting plugin PluginBrowser
LogPluginManager: Mounting plugin SpeedTreeImporter
LogPluginManager: Mounting plugin DatasmithContent
LogPluginManager: Mounting plugin VariantManagerContent
LogPluginManager: Mounting plugin AlembicImporter
LogPluginManager: Mounting plugin AutomationUtils
LogPluginManager: Mounting plugin BackChannel
LogPluginManager: Mounting plugin ChaosCloth
LogPluginManager: Mounting plugin ChaosClothEditor
LogPluginManager: Mounting plugin ChaosEditor
LogPluginManager: Mounting plugin ChaosNiagara
LogPluginManager: Mounting plugin ChaosSolverPlugin
LogPluginManager: Mounting plugin CharacterAI
LogPluginManager: Mounting plugin GeometryCache
LogPluginManager: Mounting plugin GeometryCollectionPlugin
LogPluginManager: Mounting plugin GeometryProcessing
LogPluginManager: Mounting plugin PlanarCut
LogPluginManager: Mounting plugin PlatformCrypto
LogPluginManager: Mounting plugin ProxyLODPlugin
LogPluginManager: Mounting plugin SkeletalReduction
LogPluginManager: Mounting plugin Niagara
LogPluginManager: Mounting plugin MagicLeap
LogPluginManager: Mounting plugin MagicLeapLightEstimation
LogPluginManager: Mounting plugin MagicLeapMedia
LogPluginManager: Mounting plugin MagicLeapPassableWorld
LogPluginManager: Mounting plugin MLSDK
LogPluginManager: Mounting plugin Substance
LogPluginManager: Mounting plugin AndroidMedia
LogPluginManager: Mounting plugin AvfMedia
LogPluginManager: Mounting plugin ImgMedia
LogPluginManager: Mounting plugin MediaCompositing
LogPluginManager: Mounting plugin MediaPlayerEditor
LogPluginManager: Mounting plugin WebMMedia
LogPluginManager: Mounting plugin WmfMedia
LogPluginManager: Mounting plugin MeshPainting
LogPluginManager: Mounting plugin TcpMessaging
LogPluginManager: Mounting plugin UdpMessaging
LogPluginManager: Mounting plugin ActorSequence
LogPluginManager: Mounting plugin LevelSequenceEditor
LogPluginManager: Mounting plugin MatineeToLevelSequence
LogPluginManager: Mounting plugin MovieRenderPipeline
LogPluginManager: Mounting plugin TemplateSequence
LogPluginManager: Mounting plugin NetcodeUnitTest
LogPluginManager: Mounting plugin NUTUnrealEngine4
LogPluginManager: Mounting plugin OnlineSubsystemGooglePlay
LogPluginManager: Mounting plugin OnlineSubsystemIOS
LogPluginManager: Mounting plugin OnlineSubsystem
LogPluginManager: Mounting plugin OnlineSubsystemNull
LogPluginManager: Mounting plugin OnlineSubsystemUtils
LogPluginManager: Mounting plugin LauncherChunkInstaller
LogPluginManager: Mounting plugin AndroidDeviceProfileSelector
LogPluginManager: Mounting plugin AndroidMoviePlayer
LogPluginManager: Mounting plugin AndroidPermission
LogPluginManager: Mounting plugin AppleImageUtils
LogPluginManager: Mounting plugin AppleMoviePlayer
LogPluginManager: Mounting plugin ArchVisCharacter
LogPluginManager: Mounting plugin AssetTags
LogPluginManager: Mounting plugin AudioCapture
LogPluginManager: Mounting plugin CableComponent
LogPluginManager: Mounting plugin CustomMeshComponent
LogPluginManager: Mounting plugin EditableMesh
LogPluginManager: Mounting plugin ExampleDeviceProfileSelector
LogPluginManager: Mounting plugin GoogleCloudMessaging
LogPluginManager: Mounting plugin GooglePAD
LogPluginManager: Mounting plugin IOSDeviceProfileSelector
LogPluginManager: Mounting plugin LinuxDeviceProfileSelector
LogPluginManager: Mounting plugin LocationServicesBPLibrary
LogPluginManager: Mounting plugin MobilePatchingUtils
LogPluginManager: Mounting plugin OculusVR
LogPluginManager: Mounting plugin PhysXVehicles
LogPluginManager: Mounting plugin PostSplashScreen
LogPluginManager: Mounting plugin ProceduralMeshComponent
LogPluginManager: Mounting plugin RuntimePhysXCooking
LogPluginManager: Mounting plugin SignificanceManager
LogPluginManager: Mounting plugin SoundFields
LogPluginManager: Mounting plugin SteamVR
LogPluginManager: Mounting plugin Synthesis
LogPluginManager: Mounting plugin WebMMoviePlayer
LogPluginManager: Mounting plugin WindowsMoviePlayer
LogPluginManager: Mounting plugin ScreenshotTools
LogInit: Using libcurl 7.55.1-DEV
LogInit:  - built for x86_64-pc-win32
LogInit:  - supports SSL with OpenSSL/1.1.1
LogInit:  - supports HTTP deflate (compression) using libz 1.2.8
LogInit:  - other features:
LogInit:      CURL_VERSION_SSL
LogInit:      CURL_VERSION_LIBZ
LogInit:      CURL_VERSION_IPV6
LogInit:      CURL_VERSION_ASYNCHDNS
LogInit:      CURL_VERSION_LARGEFILE
LogInit:      CURL_VERSION_IDN
LogInit:  CurlRequestOptions (configurable via config and command line):
LogInit:  - bVerifyPeer = true  - Libcurl will verify peer certificate
LogInit:  - bUseHttpProxy = false  - Libcurl will NOT use HTTP proxy
LogInit:  - bDontReuseConnections = false  - Libcurl will reuse connections
LogInit:  - MaxHostConnections = 16  - Libcurl will limit the number of connections to a host
LogInit:  - LocalHostAddr = Default
LogInit:  - BufferSize = 65536
LogOnline: OSS: Creating online subsystem instance for: NULL
LogInit: WinSock: version 1.1 (2.2), MaxSocks=32767, MaxUdp=65467
LogOnline: OSS: TryLoadSubsystemAndSetDefault: Loaded subsystem for module [NULL]
LogInit: Build: ++UE4+Release-4.25-CL-13594126
LogInit: Engine Version: 4.25.1-13594126+++UE4+Release-4.25
LogInit: Compatible Engine Version: 4.25.0-13144385+++UE4+Release-4.25
LogInit: Net CL: 13144385
LogInit: OS: Windows 10 (Release 1903) (), CPU: Intel(R) Core(TM) i7-7700HQ CPU @ 2.80GHz, GPU: Intel(R) HD Graphics 630
LogInit: Compiled (64-bit): Jun  2 2020 02:10:36
LogInit: Compiled with Visual C++: 19.24.28315.00
LogInit: Build Configuration: Development
LogInit: Branch Name: ++UE4+Release-4.25
LogInit: Command Line: 
LogInit: Base Directory: D:/game/Epic Games/UE_4.25/Engine/Binaries/Win64/
LogInit: Allocator: TBB
LogInit: Installed Engine Build: 1
LogDevObjectVersion: Number of dev versions registered: 26
LogDevObjectVersion:   Dev-Blueprints (B0D832E4-1F89-4F0D-ACCF-7EB736FD4AA2): 10
LogDevObjectVersion:   Dev-Build (E1C64328-A22C-4D53-A36C-8E866417BD8C): 0
LogDevObjectVersion:   Dev-Core (375EC13C-06E4-48FB-B500-84F0262A717E): 4
LogDevObjectVersion:   Dev-Editor (E4B068ED-F494-42E9-A231-DA0B2E46BB41): 38
LogDevObjectVersion:   Dev-Framework (CFFC743F-43B0-4480-9391-14DF171D2073): 37
LogDevObjectVersion:   Dev-Mobile (B02B49B5-BB20-44E9-A304-32B752E40360): 2
LogDevObjectVersion:   Dev-Networking (A4E4105C-59A1-49B5-A7C5-40C4547EDFEE): 0
LogDevObjectVersion:   Dev-Online (39C831C9-5AE6-47DC-9A44-9C173E1C8E7C): 0
LogDevObjectVersion:   Dev-Physics (78F01B33-EBEA-4F98-B9B4-84EACCB95AA2): 4
LogDevObjectVersion:   Dev-Platform (6631380F-2D4D-43E0-8009-CF276956A95A): 0
LogDevObjectVersion:   Dev-Rendering (12F88B9F-8875-4AFC-A67C-D90C383ABD29): 43
LogDevObjectVersion:   Dev-Sequencer (7B5AE74C-D270-4C10-A958-57980B212A5A): 12
LogDevObjectVersion:   Dev-VR (D7296918-1DD6-4BDD-9DE2-64A83CC13884): 3
LogDevObjectVersion:   Dev-LoadTimes (C2A15278-BFE7-4AFE-6C17-90FF531DF755): 1
LogDevObjectVersion:   Private-Geometry (6EACA3D4-40EC-4CC1-B786-8BED09428FC5): 3
LogDevObjectVersion:   Dev-AnimPhys (29E575DD-E0A3-4627-9D10-D276232CDCEA): 17
LogDevObjectVersion:   Dev-Anim (AF43A65D-7FD3-4947-9873-3E8ED9C1BB05): 7
LogDevObjectVersion:   Dev-ReflectionCapture (6B266CEC-1EC7-4B8F-A30B-E4D90942FC07): 1
LogDevObjectVersion:   Dev-Automation (0DF73D61-A23F-47EA-B727-89E90C41499A): 1
LogDevObjectVersion:   FortniteMain (601D1886-AC64-4F84-AA16-D3DE0DEAC7D6): 31
LogDevObjectVersion:   Dev-Enterprise (9DFFBCD6-494F-0158-E221-12823C92A888): 10
LogDevObjectVersion:   Dev-Niagara (F2AED0AC-9AFE-416F-8664-AA7FFA26D6FC): 1
LogDevObjectVersion:   Dev-Destruction (174F1F0B-B4C6-45A5-B13F-2EE8D0FB917D): 10
LogDevObjectVersion:   Dev-Physics-Ext (35F94A83-E258-406C-A318-09F59610247C): 37
LogDevObjectVersion:   Dev-PhysicsMaterial-Chaos (B68FC16E-8B1B-42E2-B453-215C058844FE): 1
LogDevObjectVersion:   Dev-CineCamera (B2E18506-4273-CFC2-A54E-F4BB758BBA07): 1
LogInit: Presizing for max 25165824 objects, including 0 objects not considered by GC, pre-allocating 0 bytes for permanent pool.
LogConfig: Applying CVar settings from Section [/Script/Engine.StreamingSettings] File [D:/Rune/Rune/Saved/Config/Windows/Engine.ini]
LogConfig: Setting CVar [[s.MinBulkDataSizeForAsyncLoading:131072]]
LogConfig: Setting CVar [[s.AsyncLoadingThreadEnabled:0]]
LogConfig: Setting CVar [[s.EventDrivenLoaderEnabled:1]]
LogConfig: Setting CVar [[s.WarnIfTimeLimitExceeded:0]]
LogConfig: Setting CVar [[s.TimeLimitExceededMultiplier:1.5]]
LogConfig: Setting CVar [[s.TimeLimitExceededMinTime:0.005]]
LogConfig: Setting CVar [[s.UseBackgroundLevelStreaming:1]]
LogConfig: Setting CVar [[s.PriorityAsyncLoadingExtraTime:15.0]]
LogConfig: Setting CVar [[s.LevelStreamingActorsUpdateTimeLimit:5.0]]
LogConfig: Setting CVar [[s.PriorityLevelStreamingActorsUpdateExtraTime:5.0]]
LogConfig: Setting CVar [[s.LevelStreamingComponentsRegistrationGranularity:10]]
LogConfig: Setting CVar [[s.UnregisterComponentsTimeLimit:1.0]]
LogConfig: Setting CVar [[s.LevelStreamingComponentsUnregistrationGranularity:5]]
LogConfig: Setting CVar [[s.FlushStreamingOnExit:1]]
LogInit: Object subsystem initialized
LogConfig: Setting CVar [[con.DebugEarlyDefault:1]]
LogConfig: Setting CVar [[r.setres:1280x720]]
[2020.07.08-11.22.28:962][  0]LogConfig: Setting CVar [[r.VSync:0]]
[2020.07.08-11.22.28:962][  0]LogConfig: Setting CVar [[r.RHICmdBypass:0]]
[2020.07.08-11.22.28:963][  0]LogConfig: Applying CVar settings from Section [/Script/Engine.RendererSettings] File [D:/Rune/Rune/Saved/Config/Windows/Engine.ini]
[2020.07.08-11.22.28:963][  0]LogConfig: Setting CVar [[r.GPUCrashDebugging:0]]
[2020.07.08-11.22.28:963][  0]LogConfig: Applying CVar settings from Section [/Script/Engine.RendererOverrideSettings] File [D:/Rune/Rune/Saved/Config/Windows/Engine.ini]
[2020.07.08-11.22.28:963][  0]LogConfig: Applying CVar settings from Section [/Script/Engine.StreamingSettings] File [D:/Rune/Rune/Saved/Config/Windows/Engine.ini]
[2020.07.08-11.22.28:963][  0]LogConfig: Setting CVar [[s.MinBulkDataSizeForAsyncLoading:131072]]
[2020.07.08-11.22.28:963][  0]LogConfig: Setting CVar [[s.AsyncLoadingThreadEnabled:0]]
[2020.07.08-11.22.28:963][  0]LogConfig: Setting CVar [[s.EventDrivenLoaderEnabled:1]]
[2020.07.08-11.22.28:963][  0]LogConfig: Setting CVar [[s.WarnIfTimeLimitExceeded:0]]
[2020.07.08-11.22.28:963][  0]LogConfig: Setting CVar [[s.TimeLimitExceededMultiplier:1.5]]
[2020.07.08-11.22.28:963][  0]LogConfig: Setting CVar [[s.TimeLimitExceededMinTime:0.005]]
[2020.07.08-11.22.28:963][  0]LogConfig: Setting CVar [[s.UseBackgroundLevelStreaming:1]]
[2020.07.08-11.22.28:963][  0]LogConfig: Setting CVar [[s.PriorityAsyncLoadingExtraTime:15.0]]
[2020.07.08-11.22.28:963][  0]LogConfig: Setting CVar [[s.LevelStreamingActorsUpdateTimeLimit:5.0]]
[2020.07.08-11.22.28:963][  0]LogConfig: Setting CVar [[s.PriorityLevelStreamingActorsUpdateExtraTime:5.0]]
[2020.07.08-11.22.28:963][  0]LogConfig: Setting CVar [[s.LevelStreamingComponentsRegistrationGranularity:10]]
[2020.07.08-11.22.28:963][  0]LogConfig: Setting CVar [[s.UnregisterComponentsTimeLimit:1.0]]
[2020.07.08-11.22.28:963][  0]LogConfig: Setting CVar [[s.LevelStreamingComponentsUnregistrationGranularity:5]]
[2020.07.08-11.22.28:963][  0]LogConfig: Setting CVar [[s.FlushStreamingOnExit:1]]
[2020.07.08-11.22.28:963][  0]LogConfig: Applying CVar settings from Section [/Script/Engine.GarbageCollectionSettings] File [D:/Rune/Rune/Saved/Config/Windows/Engine.ini]
[2020.07.08-11.22.28:963][  0]LogConfig: Setting CVar [[gc.MaxObjectsNotConsideredByGC:1]]
[2020.07.08-11.22.28:963][  0]LogConfig: Setting CVar [[gc.SizeOfPermanentObjectPool:0]]
[2020.07.08-11.22.28:963][  0]LogConfig: Setting CVar [[gc.FlushStreamingOnGC:0]]
[2020.07.08-11.22.28:963][  0]LogConfig: Setting CVar [[gc.NumRetriesBeforeForcingGC:10]]
[2020.07.08-11.22.28:963][  0]LogConfig: Setting CVar [[gc.AllowParallelGC:1]]
[2020.07.08-11.22.28:963][  0]LogConfig: Setting CVar [[gc.TimeBetweenPurgingPendingKillObjects:61.1]]
[2020.07.08-11.22.28:963][  0]LogConfig: Setting CVar [[gc.MaxObjectsInEditor:25165824]]
[2020.07.08-11.22.28:963][  0]LogConfig: Setting CVar [[gc.IncrementalBeginDestroyEnabled:1]]
[2020.07.08-11.22.28:963][  0]LogConfig: Setting CVar [[gc.CreateGCClusters:1]]
[2020.07.08-11.22.28:963][  0]LogConfig: Setting CVar [[gc.MinGCClusterSize:5]]
[2020.07.08-11.22.28:963][  0]LogConfig: Setting CVar [[gc.ActorClusteringEnabled:0]]
[2020.07.08-11.22.28:963][  0]LogConfig: Setting CVar [[gc.BlueprintClusteringEnabled:0]]
[2020.07.08-11.22.28:963][  0]LogConfig: Setting CVar [[gc.UseDisregardForGCOnDedicatedServers:0]]
[2020.07.08-11.22.28:963][  0]LogConfig: Applying CVar settings from Section [/Script/Engine.NetworkSettings] File [D:/Rune/Rune/Saved/Config/Windows/Engine.ini]
[2020.07.08-11.22.28:963][  0]LogConfig: Applying CVar settings from Section [/Script/UnrealEd.CookerSettings] File [D:/Rune/Rune/Saved/Config/Windows/Engine.ini]
[2020.07.08-11.22.28:967][  0]LogConfig: Applying CVar settings from Section [ViewDistanceQuality@3] File [D:/Rune/Rune/Saved/Config/Windows/Scalability.ini]
[2020.07.08-11.22.28:967][  0]LogConfig: Setting CVar [[r.SkeletalMeshLODBias:0]]
[2020.07.08-11.22.28:967][  0]LogConfig: Setting CVar [[r.ViewDistanceScale:1.0]]
[2020.07.08-11.22.28:967][  0]LogConfig: Applying CVar settings from Section [AntiAliasingQuality@3] File [D:/Rune/Rune/Saved/Config/Windows/Scalability.ini]
[2020.07.08-11.22.28:967][  0]LogConfig: Setting CVar [[r.PostProcessAAQuality:4]]
[2020.07.08-11.22.28:967][  0]LogConfig: Applying CVar settings from Section [ShadowQuality@3] File [D:/Rune/Rune/Saved/Config/Windows/Scalability.ini]
[2020.07.08-11.22.28:967][  0]LogConfig: Setting CVar [[r.LightFunctionQuality:1]]
[2020.07.08-11.22.28:967][  0]LogConfig: Setting CVar [[r.ShadowQuality:5]]
[2020.07.08-11.22.28:967][  0]LogConfig: Setting CVar [[r.Shadow.CSM.MaxCascades:10]]
[2020.07.08-11.22.28:967][  0]LogConfig: Setting CVar [[r.Shadow.MaxResolution:2048]]
[2020.07.08-11.22.28:967][  0]LogConfig: Setting CVar [[r.Shadow.MaxCSMResolution:2048]]
[2020.07.08-11.22.28:967][  0]LogConfig: Setting CVar [[r.Shadow.RadiusThreshold:0.01]]
[2020.07.08-11.22.28:967][  0]LogConfig: Setting CVar [[r.Shadow.DistanceScale:1.0]]
[2020.07.08-11.22.28:967][  0]LogConfig: Setting CVar [[r.Shadow.CSM.TransitionScale:1.0]]
[2020.07.08-11.22.28:967][  0]LogConfig: Setting CVar [[r.Shadow.PreShadowResolutionFactor:1.0]]
[2020.07.08-11.22.28:967][  0]LogConfig: Setting CVar [[r.DistanceFieldShadowing:1]]
[2020.07.08-11.22.28:967][  0]LogConfig: Setting CVar [[r.DistanceFieldAO:1]]
[2020.07.08-11.22.28:967][  0]LogConfig: Setting CVar [[r.AOQuality:2]]
[2020.07.08-11.22.28:967][  0]LogConfig: Setting CVar [[r.VolumetricFog:1]]
[2020.07.08-11.22.28:967][  0]LogConfig: Setting CVar [[r.VolumetricFog.GridPixelSize:8]]
[2020.07.08-11.22.28:967][  0]LogConfig: Setting CVar [[r.VolumetricFog.GridSizeZ:128]]
[2020.07.08-11.22.28:967][  0]LogConfig: Setting CVar [[r.VolumetricFog.HistoryMissSupersampleCount:4]]
[2020.07.08-11.22.28:967][  0]LogConfig: Setting CVar [[r.LightMaxDrawDistanceScale:1]]
[2020.07.08-11.22.28:967][  0]LogConfig: Setting CVar [[r.CapsuleShadows:1]]
[2020.07.08-11.22.28:967][  0]LogConfig: Applying CVar settings from Section [PostProcessQuality@3] File [D:/Rune/Rune/Saved/Config/Windows/Scalability.ini]
[2020.07.08-11.22.28:967][  0]LogConfig: Setting CVar [[r.MotionBlurQuality:4]]
[2020.07.08-11.22.28:967][  0]LogConfig: Setting CVar [[r.AmbientOcclusionMipLevelFactor:0.4]]
[2020.07.08-11.22.28:967][  0]LogConfig: Setting CVar [[r.AmbientOcclusionMaxQuality:100]]
[2020.07.08-11.22.28:967][  0]LogConfig: Setting CVar [[r.AmbientOcclusionLevels:-1]]
[2020.07.08-11.22.28:967][  0]LogConfig: Setting CVar [[r.AmbientOcclusionRadiusScale:1.0]]
[2020.07.08-11.22.28:967][  0]LogConfig: Setting CVar [[r.DepthOfFieldQuality:2]]
[2020.07.08-11.22.28:967][  0]LogConfig: Setting CVar [[r.RenderTargetPoolMin:400]]
[2020.07.08-11.22.28:967][  0]LogConfig: Setting CVar [[r.LensFlareQuality:2]]
[2020.07.08-11.22.28:967][  0]LogConfig: Setting CVar [[r.SceneColorFringeQuality:1]]
[2020.07.08-11.22.28:967][  0]LogConfig: Setting CVar [[r.EyeAdaptationQuality:2]]
[2020.07.08-11.22.28:967][  0]LogConfig: Setting CVar [[r.BloomQuality:5]]
[2020.07.08-11.22.28:967][  0]LogConfig: Setting CVar [[r.FastBlurThreshold:100]]
[2020.07.08-11.22.28:967][  0]LogConfig: Setting CVar [[r.Upscale.Quality:3]]
[2020.07.08-11.22.28:967][  0]LogConfig: Setting CVar [[r.Tonemapper.GrainQuantization:1]]
[2020.07.08-11.22.28:967][  0]LogConfig: Setting CVar [[r.LightShaftQuality:1]]
[2020.07.08-11.22.28:967][  0]LogConfig: Setting CVar [[r.Filter.SizeScale:1]]
[2020.07.08-11.22.28:967][  0]LogConfig: Setting CVar [[r.Tonemapper.Quality:5]]
[2020.07.08-11.22.28:967][  0]LogConfig: Setting CVar [[r.DOF.Gather.AccumulatorQuality:1        ; higher gathering accumulator quality]]
[2020.07.08-11.22.28:967][  0]LogConfig: Setting CVar [[r.DOF.Gather.PostfilterMethod:1          ; Median3x3 postfilering method]]
[2020.07.08-11.22.28:967][  0]LogConfig: Setting CVar [[r.DOF.Gather.EnableBokehSettings:0       ; no bokeh simulation when gathering]]
[2020.07.08-11.22.28:968][  0]LogConfig: Setting CVar [[r.DOF.Gather.RingCount:4                 ; medium number of samples when gathering]]
[2020.07.08-11.22.28:968][  0]LogConfig: Setting CVar [[r.DOF.Scatter.ForegroundCompositing:1    ; additive foreground scattering]]
[2020.07.08-11.22.28:968][  0]LogConfig: Setting CVar [[r.DOF.Scatter.BackgroundCompositing:2    ; additive background scattering]]
[2020.07.08-11.22.28:968][  0]LogConfig: Setting CVar [[r.DOF.Scatter.EnableBokehSettings:1      ; bokeh simulation when scattering]]
[2020.07.08-11.22.28:968][  0]LogConfig: Setting CVar [[r.DOF.Scatter.MaxSpriteRatio:0.1         ; only a maximum of 10% of scattered bokeh]]
[2020.07.08-11.22.28:968][  0]LogConfig: Setting CVar [[r.DOF.Recombine.Quality:1                ; cheap slight out of focus]]
[2020.07.08-11.22.28:968][  0]LogConfig: Setting CVar [[r.DOF.Recombine.EnableBokehSettings:0    ; no bokeh simulation on slight out of focus]]
[2020.07.08-11.22.28:968][  0]LogConfig: Setting CVar [[r.DOF.TemporalAAQuality:1                ; more stable temporal accumulation]]
[2020.07.08-11.22.28:968][  0]LogConfig: Setting CVar [[r.DOF.Kernel.MaxForegroundRadius:0.025]]
[2020.07.08-11.22.28:968][  0]LogConfig: Setting CVar [[r.DOF.Kernel.MaxBackgroundRadius:0.025]]
[2020.07.08-11.22.28:968][  0]LogConfig: Applying CVar settings from Section [TextureQuality@3] File [D:/Rune/Rune/Saved/Config/Windows/Scalability.ini]
[2020.07.08-11.22.28:968][  0]LogConfig: Setting CVar [[r.Streaming.MipBias:0]]
[2020.07.08-11.22.28:968][  0]LogConfig: Setting CVar [[r.Streaming.AmortizeCPUToGPUCopy:0]]
[2020.07.08-11.22.28:968][  0]LogConfig: Setting CVar [[r.Streaming.MaxNumTexturesToStreamPerFrame:0]]
[2020.07.08-11.22.28:968][  0]LogConfig: Setting CVar [[r.Streaming.Boost:1]]
[2020.07.08-11.22.28:968][  0]LogConfig: Setting CVar [[r.MaxAnisotropy:8]]
[2020.07.08-11.22.28:968][  0]LogConfig: Setting CVar [[r.VT.MaxAnisotropy:8]]
[2020.07.08-11.22.28:968][  0]LogConfig: Setting CVar [[r.Streaming.LimitPoolSizeToVRAM:0]]
[2020.07.08-11.22.28:968][  0]LogConfig: Setting CVar [[r.Streaming.PoolSize:1000]]
[2020.07.08-11.22.28:968][  0]LogConfig: Setting CVar [[r.Streaming.MaxEffectiveScreenSize:0]]
[2020.07.08-11.22.28:968][  0]LogConfig: Applying CVar settings from Section [EffectsQuality@3] File [D:/Rune/Rune/Saved/Config/Windows/Scalability.ini]
[2020.07.08-11.22.28:968][  0]LogConfig: Setting CVar [[r.TranslucencyLightingVolumeDim:64]]
[2020.07.08-11.22.28:968][  0]LogConfig: Setting CVar [[r.RefractionQuality:2]]
[2020.07.08-11.22.28:968][  0]LogConfig: Setting CVar [[r.SSR.Quality:3]]
[2020.07.08-11.22.28:968][  0]LogConfig: Setting CVar [[r.SSR.HalfResSceneColor:0]]
[2020.07.08-11.22.28:968][  0]LogConfig: Setting CVar [[r.SceneColorFormat:4]]
[2020.07.08-11.22.28:968][  0]LogConfig: Setting CVar [[r.DetailMode:2]]
[2020.07.08-11.22.28:968][  0]LogConfig: Setting CVar [[r.TranslucencyVolumeBlur:1]]
[2020.07.08-11.22.28:968][  0]LogConfig: Setting CVar [[r.MaterialQualityLevel:1 ; High quality]]
[2020.07.08-11.22.28:968][  0]LogConfig: Setting CVar [[r.SSS.Scale:1]]
[2020.07.08-11.22.28:968][  0]LogConfig: Setting CVar [[r.SSS.SampleSet:2]]
[2020.07.08-11.22.28:968][  0]LogConfig: Setting CVar [[r.SSS.Quality:1]]
[2020.07.08-11.22.28:968][  0]LogConfig: Setting CVar [[r.SSS.HalfRes:0]]
[2020.07.08-11.22.28:968][  0]LogConfig: Setting CVar [[r.SSGI.Quality:3]]
[2020.07.08-11.22.28:968][  0]LogConfig: Setting CVar [[r.EmitterSpawnRateScale:1.0]]
[2020.07.08-11.22.28:968][  0]LogConfig: Setting CVar [[r.ParticleLightQuality:2]]
[2020.07.08-11.22.28:968][  0]LogConfig: Setting CVar [[r.SkyAtmosphere.AerialPerspectiveLUT.FastApplyOnOpaque:1 ; Always have FastSkyLUT 1 in this case to avoid wrong sky]]
[2020.07.08-11.22.28:968][  0]LogConfig: Setting CVar [[r.SkyAtmosphere.AerialPerspectiveLUT.SampleCountPerSlice:1]]
[2020.07.08-11.22.28:968][  0]LogConfig: Setting CVar [[r.SkyAtmosphere.AerialPerspectiveLUT.DepthResolution:16.0]]
[2020.07.08-11.22.28:968][  0]LogConfig: Setting CVar [[r.SkyAtmosphere.FastSkyLUT:1]]
[2020.07.08-11.22.28:968][  0]LogConfig: Setting CVar [[r.SkyAtmosphere.FastSkyLUT.SampleCountMin:4.0]]
[2020.07.08-11.22.28:968][  0]LogConfig: Setting CVar [[r.SkyAtmosphere.FastSkyLUT.SampleCountMax:32.0]]
[2020.07.08-11.22.28:968][  0]LogConfig: Setting CVar [[r.SkyAtmosphere.SampleCountMin:4.0]]
[2020.07.08-11.22.28:968][  0]LogConfig: Setting CVar [[r.SkyAtmosphere.SampleCountMax:32.0]]
[2020.07.08-11.22.28:968][  0]LogConfig: Setting CVar [[r.SkyAtmosphere.TransmittanceLUT.UseSmallFormat:0]]
[2020.07.08-11.22.28:968][  0]LogConfig: Setting CVar [[r.SkyAtmosphere.TransmittanceLUT.SampleCount:10.0]]
[2020.07.08-11.22.28:968][  0]LogConfig: Setting CVar [[r.SkyAtmosphere.MultiScatteringLUT.SampleCount:15.0]]
[2020.07.08-11.22.28:968][  0]LogConfig: Applying CVar settings from Section [FoliageQuality@3] File [D:/Rune/Rune/Saved/Config/Windows/Scalability.ini]
[2020.07.08-11.22.28:968][  0]LogConfig: Setting CVar [[foliage.DensityScale:1.0]]
[2020.07.08-11.22.28:968][  0]LogConfig: Setting CVar [[grass.DensityScale:1.0]]
[2020.07.08-11.22.28:968][  0]LogConfig: Applying CVar settings from Section [ShadingQuality@3] File [D:/Rune/Rune/Saved/Config/Windows/Scalability.ini]
[2020.07.08-11.22.28:968][  0]LogConfig: Setting CVar [[r.HairStrands.SkyLighting.SampleCount:16]]
[2020.07.08-11.22.28:968][  0]LogConfig: Setting CVar [[r.HairStrands.SkyLighting.JitterIntegration:0]]
[2020.07.08-11.22.28:968][  0]LogConfig: Setting CVar [[r.HairStrands.SkyAO.SampleCount:16]]
[2020.07.08-11.22.28:968][  0]LogConfig: Setting CVar [[r.HairStrands.DeepShadow.SuperSampling:0]]
[2020.07.08-11.22.28:968][  0]LogConfig: Setting CVar [[r.HairStrands.VisibilityPPLL:0]]
[2020.07.08-11.22.28:968][  0]LogConfig: Setting CVar [[r.HairStrands.RasterizationScale:0.5]]
[2020.07.08-11.22.28:968][  0]LogConfig: Setting CVar [[r.HairStrands.VelocityRasterizationScale:1]]
[2020.07.08-11.22.28:968][  0]LogInit: Selected Device Profile: [Windows]
[2020.07.08-11.22.28:968][  0]LogInit: Applying CVar settings loaded from the selected device profile: [Windows]
[2020.07.08-11.22.28:968][  0]LogHAL: Display: Platform has ~ 8 GB [8467877888 / 8589934592 / 8], which maps to Default [LargestMinGB=32, LargerMinGB=12, DefaultMinGB=8, SmallerMinGB=6, SmallestMinGB=0)
[2020.07.08-11.22.28:968][  0]LogInit: Going up to parent DeviceProfile []
[2020.07.08-11.22.28:968][  0]LogConfig: Applying CVar settings from Section [ViewDistanceQuality@3] File [D:/Rune/Rune/Saved/Config/Windows/Scalability.ini]
[2020.07.08-11.22.28:968][  0]LogConfig: Setting CVar [[r.SkeletalMeshLODBias:0]]
[2020.07.08-11.22.28:968][  0]LogConfig: Setting CVar [[r.ViewDistanceScale:1.0]]
[2020.07.08-11.22.28:968][  0]LogConfig: Applying CVar settings from Section [AntiAliasingQuality@3] File [D:/Rune/Rune/Saved/Config/Windows/Scalability.ini]
[2020.07.08-11.22.28:968][  0]LogConfig: Setting CVar [[r.PostProcessAAQuality:4]]
[2020.07.08-11.22.28:969][  0]LogConfig: Applying CVar settings from Section [ShadowQuality@3] File [D:/Rune/Rune/Saved/Config/Windows/Scalability.ini]
[2020.07.08-11.22.28:969][  0]LogConfig: Setting CVar [[r.LightFunctionQuality:1]]
[2020.07.08-11.22.28:969][  0]LogConfig: Setting CVar [[r.ShadowQuality:5]]
[2020.07.08-11.22.28:969][  0]LogConfig: Setting CVar [[r.Shadow.CSM.MaxCascades:10]]
[2020.07.08-11.22.28:969][  0]LogConfig: Setting CVar [[r.Shadow.MaxResolution:2048]]
[2020.07.08-11.22.28:969][  0]LogConfig: Setting CVar [[r.Shadow.MaxCSMResolution:2048]]
[2020.07.08-11.22.28:969][  0]LogConfig: Setting CVar [[r.Shadow.RadiusThreshold:0.01]]
[2020.07.08-11.22.28:969][  0]LogConfig: Setting CVar [[r.Shadow.DistanceScale:1.0]]
[2020.07.08-11.22.28:969][  0]LogConfig: Setting CVar [[r.Shadow.CSM.TransitionScale:1.0]]
[2020.07.08-11.22.28:969][  0]LogConfig: Setting CVar [[r.Shadow.PreShadowResolutionFactor:1.0]]
[2020.07.08-11.22.28:969][  0]LogConfig: Setting CVar [[r.DistanceFieldShadowing:1]]
[2020.07.08-11.22.28:969][  0]LogConfig: Setting CVar [[r.DistanceFieldAO:1]]
[2020.07.08-11.22.28:969][  0]LogConfig: Setting CVar [[r.AOQuality:2]]
[2020.07.08-11.22.28:969][  0]LogConfig: Setting CVar [[r.VolumetricFog:1]]
[2020.07.08-11.22.28:969][  0]LogConfig: Setting CVar [[r.VolumetricFog.GridPixelSize:8]]
[2020.07.08-11.22.28:969][  0]LogConfig: Setting CVar [[r.VolumetricFog.GridSizeZ:128]]
[2020.07.08-11.22.28:969][  0]LogConfig: Setting CVar [[r.VolumetricFog.HistoryMissSupersampleCount:4]]
[2020.07.08-11.22.28:969][  0]LogConfig: Setting CVar [[r.LightMaxDrawDistanceScale:1]]
[2020.07.08-11.22.28:969][  0]LogConfig: Setting CVar [[r.CapsuleShadows:1]]
[2020.07.08-11.22.28:969][  0]LogConfig: Applying CVar settings from Section [PostProcessQuality@3] File [D:/Rune/Rune/Saved/Config/Windows/Scalability.ini]
[2020.07.08-11.22.28:969][  0]LogConfig: Setting CVar [[r.MotionBlurQuality:4]]
[2020.07.08-11.22.28:969][  0]LogConfig: Setting CVar [[r.AmbientOcclusionMipLevelFactor:0.4]]
[2020.07.08-11.22.28:969][  0]LogConfig: Setting CVar [[r.AmbientOcclusionMaxQuality:100]]
[2020.07.08-11.22.28:969][  0]LogConfig: Setting CVar [[r.AmbientOcclusionLevels:-1]]
[2020.07.08-11.22.28:969][  0]LogConfig: Setting CVar [[r.AmbientOcclusionRadiusScale:1.0]]
[2020.07.08-11.22.28:969][  0]LogConfig: Setting CVar [[r.DepthOfFieldQuality:2]]
[2020.07.08-11.22.28:969][  0]LogConfig: Setting CVar [[r.RenderTargetPoolMin:400]]
[2020.07.08-11.22.28:969][  0]LogConfig: Setting CVar [[r.LensFlareQuality:2]]
[2020.07.08-11.22.28:969][  0]LogConfig: Setting CVar [[r.SceneColorFringeQuality:1]]
[2020.07.08-11.22.28:969][  0]LogConfig: Setting CVar [[r.EyeAdaptationQuality:2]]
[2020.07.08-11.22.28:969][  0]LogConfig: Setting CVar [[r.BloomQuality:5]]
[2020.07.08-11.22.28:969][  0]LogConfig: Setting CVar [[r.FastBlurThreshold:100]]
[2020.07.08-11.22.28:969][  0]LogConfig: Setting CVar [[r.Upscale.Quality:3]]
[2020.07.08-11.22.28:969][  0]LogConfig: Setting CVar [[r.Tonemapper.GrainQuantization:1]]
[2020.07.08-11.22.28:969][  0]LogConfig: Setting CVar [[r.LightShaftQuality:1]]
[2020.07.08-11.22.28:969][  0]LogConfig: Setting CVar [[r.Filter.SizeScale:1]]
[2020.07.08-11.22.28:969][  0]LogConfig: Setting CVar [[r.Tonemapper.Quality:5]]
[2020.07.08-11.22.28:969][  0]LogConfig: Setting CVar [[r.DOF.Gather.AccumulatorQuality:1        ; higher gathering accumulator quality]]
[2020.07.08-11.22.28:969][  0]LogConfig: Setting CVar [[r.DOF.Gather.PostfilterMethod:1          ; Median3x3 postfilering method]]
[2020.07.08-11.22.28:969][  0]LogConfig: Setting CVar [[r.DOF.Gather.EnableBokehSettings:0       ; no bokeh simulation when gathering]]
[2020.07.08-11.22.28:969][  0]LogConfig: Setting CVar [[r.DOF.Gather.RingCount:4                 ; medium number of samples when gathering]]
[2020.07.08-11.22.28:969][  0]LogConfig: Setting CVar [[r.DOF.Scatter.ForegroundCompositing:1    ; additive foreground scattering]]
[2020.07.08-11.22.28:969][  0]LogConfig: Setting CVar [[r.DOF.Scatter.BackgroundCompositing:2    ; additive background scattering]]
[2020.07.08-11.22.28:969][  0]LogConfig: Setting CVar [[r.DOF.Scatter.EnableBokehSettings:1      ; bokeh simulation when scattering]]
[2020.07.08-11.22.28:969][  0]LogConfig: Setting CVar [[r.DOF.Scatter.MaxSpriteRatio:0.1         ; only a maximum of 10% of scattered bokeh]]
[2020.07.08-11.22.28:969][  0]LogConfig: Setting CVar [[r.DOF.Recombine.Quality:1                ; cheap slight out of focus]]
[2020.07.08-11.22.28:969][  0]LogConfig: Setting CVar [[r.DOF.Recombine.EnableBokehSettings:0    ; no bokeh simulation on slight out of focus]]
[2020.07.08-11.22.28:969][  0]LogConfig: Setting CVar [[r.DOF.TemporalAAQuality:1                ; more stable temporal accumulation]]
[2020.07.08-11.22.28:969][  0]LogConfig: Setting CVar [[r.DOF.Kernel.MaxForegroundRadius:0.025]]
[2020.07.08-11.22.28:969][  0]LogConfig: Setting CVar [[r.DOF.Kernel.MaxBackgroundRadius:0.025]]
[2020.07.08-11.22.28:969][  0]LogConfig: Applying CVar settings from Section [TextureQuality@3] File [D:/Rune/Rune/Saved/Config/Windows/Scalability.ini]
[2020.07.08-11.22.28:969][  0]LogConfig: Setting CVar [[r.Streaming.MipBias:0]]
[2020.07.08-11.22.28:969][  0]LogConfig: Setting CVar [[r.Streaming.AmortizeCPUToGPUCopy:0]]
[2020.07.08-11.22.28:969][  0]LogConfig: Setting CVar [[r.Streaming.MaxNumTexturesToStreamPerFrame:0]]
[2020.07.08-11.22.28:969][  0]LogConfig: Setting CVar [[r.Streaming.Boost:1]]
[2020.07.08-11.22.28:969][  0]LogConfig: Setting CVar [[r.MaxAnisotropy:8]]
[2020.07.08-11.22.28:969][  0]LogConfig: Setting CVar [[r.VT.MaxAnisotropy:8]]
[2020.07.08-11.22.28:969][  0]LogConfig: Setting CVar [[r.Streaming.LimitPoolSizeToVRAM:0]]
[2020.07.08-11.22.28:969][  0]LogConfig: Setting CVar [[r.Streaming.PoolSize:1000]]
[2020.07.08-11.22.28:969][  0]LogConfig: Setting CVar [[r.Streaming.MaxEffectiveScreenSize:0]]
[2020.07.08-11.22.28:969][  0]LogConfig: Applying CVar settings from Section [EffectsQuality@3] File [D:/Rune/Rune/Saved/Config/Windows/Scalability.ini]
[2020.07.08-11.22.28:969][  0]LogConfig: Setting CVar [[r.TranslucencyLightingVolumeDim:64]]
[2020.07.08-11.22.28:969][  0]LogConfig: Setting CVar [[r.RefractionQuality:2]]
[2020.07.08-11.22.28:969][  0]LogConfig: Setting CVar [[r.SSR.Quality:3]]
[2020.07.08-11.22.28:969][  0]LogConfig: Setting CVar [[r.SSR.HalfResSceneColor:0]]
[2020.07.08-11.22.28:969][  0]LogConfig: Setting CVar [[r.SceneColorFormat:4]]
[2020.07.08-11.22.28:969][  0]LogConfig: Setting CVar [[r.DetailMode:2]]
[2020.07.08-11.22.28:969][  0]LogConfig: Setting CVar [[r.TranslucencyVolumeBlur:1]]
[2020.07.08-11.22.28:969][  0]LogConfig: Setting CVar [[r.MaterialQualityLevel:1 ; High quality]]
[2020.07.08-11.22.28:969][  0]LogConfig: Setting CVar [[r.SSS.Scale:1]]
[2020.07.08-11.22.28:969][  0]LogConfig: Setting CVar [[r.SSS.SampleSet:2]]
[2020.07.08-11.22.28:969][  0]LogConfig: Setting CVar [[r.SSS.Quality:1]]
[2020.07.08-11.22.28:969][  0]LogConfig: Setting CVar [[r.SSS.HalfRes:0]]
[2020.07.08-11.22.28:969][  0]LogConfig: Setting CVar [[r.SSGI.Quality:3]]
[2020.07.08-11.22.28:970][  0]LogConfig: Setting CVar [[r.EmitterSpawnRateScale:1.0]]
[2020.07.08-11.22.28:970][  0]LogConfig: Setting CVar [[r.ParticleLightQuality:2]]
[2020.07.08-11.22.28:970][  0]LogConfig: Setting CVar [[r.SkyAtmosphere.AerialPerspectiveLUT.FastApplyOnOpaque:1 ; Always have FastSkyLUT 1 in this case to avoid wrong sky]]
[2020.07.08-11.22.28:970][  0]LogConfig: Setting CVar [[r.SkyAtmosphere.AerialPerspectiveLUT.SampleCountPerSlice:1]]
[2020.07.08-11.22.28:970][  0]LogConfig: Setting CVar [[r.SkyAtmosphere.AerialPerspectiveLUT.DepthResolution:16.0]]
[2020.07.08-11.22.28:970][  0]LogConfig: Setting CVar [[r.SkyAtmosphere.FastSkyLUT:1]]
[2020.07.08-11.22.28:970][  0]LogConfig: Setting CVar [[r.SkyAtmosphere.FastSkyLUT.SampleCountMin:4.0]]
[2020.07.08-11.22.28:970][  0]LogConfig: Setting CVar [[r.SkyAtmosphere.FastSkyLUT.SampleCountMax:32.0]]
[2020.07.08-11.22.28:970][  0]LogConfig: Setting CVar [[r.SkyAtmosphere.SampleCountMin:4.0]]
[2020.07.08-11.22.28:970][  0]LogConfig: Setting CVar [[r.SkyAtmosphere.SampleCountMax:32.0]]
[2020.07.08-11.22.28:970][  0]LogConfig: Setting CVar [[r.SkyAtmosphere.TransmittanceLUT.UseSmallFormat:0]]
[2020.07.08-11.22.28:970][  0]LogConfig: Setting CVar [[r.SkyAtmosphere.TransmittanceLUT.SampleCount:10.0]]
[2020.07.08-11.22.28:970][  0]LogConfig: Setting CVar [[r.SkyAtmosphere.MultiScatteringLUT.SampleCount:15.0]]
[2020.07.08-11.22.28:970][  0]LogConfig: Applying CVar settings from Section [FoliageQuality@3] File [D:/Rune/Rune/Saved/Config/Windows/Scalability.ini]
[2020.07.08-11.22.28:970][  0]LogConfig: Setting CVar [[foliage.DensityScale:1.0]]
[2020.07.08-11.22.28:970][  0]LogConfig: Setting CVar [[grass.DensityScale:1.0]]
[2020.07.08-11.22.28:970][  0]LogConfig: Applying CVar settings from Section [ShadingQuality@3] File [D:/Rune/Rune/Saved/Config/Windows/Scalability.ini]
[2020.07.08-11.22.28:970][  0]LogConfig: Setting CVar [[r.HairStrands.SkyLighting.SampleCount:16]]
[2020.07.08-11.22.28:970][  0]LogConfig: Setting CVar [[r.HairStrands.SkyLighting.JitterIntegration:0]]
[2020.07.08-11.22.28:970][  0]LogConfig: Setting CVar [[r.HairStrands.SkyAO.SampleCount:16]]
[2020.07.08-11.22.28:970][  0]LogConfig: Setting CVar [[r.HairStrands.DeepShadow.SuperSampling:0]]
[2020.07.08-11.22.28:970][  0]LogConfig: Setting CVar [[r.HairStrands.VisibilityPPLL:0]]
[2020.07.08-11.22.28:970][  0]LogConfig: Setting CVar [[r.HairStrands.RasterizationScale:0.5]]
[2020.07.08-11.22.28:970][  0]LogConfig: Setting CVar [[r.HairStrands.VelocityRasterizationScale:1]]
[2020.07.08-11.22.28:970][  0]LogConfig: Applying CVar settings from Section [Startup] File [../../../Engine/Config/ConsoleVariables.ini]
[2020.07.08-11.22.28:970][  0]LogConfig: Setting CVar [[net.UseAdaptiveNetUpdateFrequency:0]]
[2020.07.08-11.22.28:970][  0]LogConfig: Setting CVar [[p.chaos.AllowCreatePhysxBodies:1]]
[2020.07.08-11.22.28:970][  0]LogConfig: Setting CVar [[fx.SkipVectorVMBackendOptimizations:1]]
[2020.07.08-11.22.28:970][  0]LogConfig: Applying CVar settings from Section [ConsoleVariables] File [D:/Rune/Rune/Saved/Config/Windows/Engine.ini]
[2020.07.08-11.22.28:970][  0]LogInit: Computer: LAPTOP-VMT1FIIC
[2020.07.08-11.22.28:970][  0]LogInit: User: Quentin
[2020.07.08-11.22.28:970][  0]LogInit: CPU Page size=4096, Cores=4
[2020.07.08-11.22.28:970][  0]LogInit: High frequency timer resolution =10.000000 MHz
[2020.07.08-11.22.28:970][  0]LogMemory: Memory total: Physical=7.9GB (8GB approx)
[2020.07.08-11.22.28:970][  0]LogMemory: Platform Memory Stats for Windows
[2020.07.08-11.22.28:970][  0]LogMemory: Process Physical Memory: 114.36 MB used, 114.37 MB peak
[2020.07.08-11.22.28:970][  0]LogMemory: Process Virtual Memory: 96.33 MB used, 96.33 MB peak
[2020.07.08-11.22.28:970][  0]LogMemory: Physical Memory: 4152.40 MB used,  3923.20 MB free, 8075.60 MB total
[2020.07.08-11.22.28:970][  0]LogMemory: Virtual Memory: 5144.14 MB used,  134212584.00 MB free, 134217728.00 MB total
[2020.07.08-11.22.28:979][  0]LogWindows: WindowsPlatformFeatures enabled
[2020.07.08-11.22.29:027][  0]LogInit: Physics initialised using underlying interface: PhysX
[2020.07.08-11.22.29:028][  0]LogInit: Using OS detected language (fr-FR).
[2020.07.08-11.22.29:028][  0]LogInit: Using OS detected locale (fr-FR).
[2020.07.08-11.22.29:029][  0]LogTextLocalizationManager: No specific localization for 'fr-FR' exists, so the 'fr' localization will be used.
[2020.07.08-11.22.29:029][  0]LogTextLocalizationResource: LocRes '../../../Engine/Content/Localization/Editor/fr/Editor.locres' could not be opened for reading!
[2020.07.08-11.22.29:029][  0]LogTextLocalizationResource: LocRes '../../../Engine/Content/Localization/EditorTutorials/fr/EditorTutorials.locres' could not be opened for reading!
[2020.07.08-11.22.29:029][  0]LogTextLocalizationResource: LocRes '../../../Engine/Content/Localization/Keywords/fr/Keywords.locres' could not be opened for reading!
[2020.07.08-11.22.29:029][  0]LogTextLocalizationResource: LocRes '../../../Engine/Content/Localization/Category/fr/Category.locres' could not be opened for reading!
[2020.07.08-11.22.29:029][  0]LogTextLocalizationResource: LocRes '../../../Engine/Content/Localization/ToolTips/fr/ToolTips.locres' could not be opened for reading!
[2020.07.08-11.22.29:029][  0]LogTextLocalizationResource: LocRes '../../../Engine/Content/Localization/PropertyNames/fr/PropertyNames.locres' could not be opened for reading!
[2020.07.08-11.22.29:029][  0]LogTextLocalizationResource: LocRes '../../../Engine/Content/Localization/Engine/fr/Engine.locres' could not be opened for reading!
[2020.07.08-11.22.29:030][  0]LogInit: Setting process to per monitor DPI aware
[2020.07.08-11.22.29:080][  0]LogSlate: New Slate User Created.  User Index 0, Is Virtual User: 0
[2020.07.08-11.22.29:080][  0]LogSlate: Slate User Registered.  User Index 0, Is Virtual User: 0
[2020.07.08-11.22.29:278][  0]LogHMD: Failed to initialize OpenVR with code 110
[2020.07.08-11.22.29:278][  0]LogD3D11RHI: D3D11 min allowed feature level: 11_0
[2020.07.08-11.22.29:278][  0]LogD3D11RHI: D3D11 max allowed feature level: 11_0
[2020.07.08-11.22.29:278][  0]LogD3D11RHI: D3D11 adapters:
[2020.07.08-11.22.29:353][  0]LogD3D11RHI:    0. 'NVIDIA GeForce GTX 1050 Ti' (Feature Level 11_0)
[2020.07.08-11.22.29:353][  0]LogD3D11RHI:       4018/0/4037 MB DedicatedVideo/DedicatedSystem/SharedSystem, Outputs:1, VendorId:0x10de
[2020.07.08-11.22.29:365][  0]LogD3D11RHI:    1. 'Intel(R) HD Graphics 630' (Feature Level 11_0)
[2020.07.08-11.22.29:365][  0]LogD3D11RHI:       128/0/4037 MB DedicatedVideo/DedicatedSystem/SharedSystem, Outputs:0, VendorId:0x8086
[2020.07.08-11.22.29:368][  0]LogD3D11RHI:    2. 'Microsoft Basic Render Driver' (Feature Level 11_0)
[2020.07.08-11.22.29:368][  0]LogD3D11RHI:       0/0/4037 MB DedicatedVideo/DedicatedSystem/SharedSystem, Outputs:0, VendorId:0x1414
[2020.07.08-11.22.29:368][  0]LogD3D11RHI: Chosen D3D11 Adapter: 0
[2020.07.08-11.22.29:420][  0]LogD3D11RHI: Creating new Direct3DDevice
[2020.07.08-11.22.29:420][  0]LogD3D11RHI:     GPU DeviceId: 0x1c8c (for the marketing name, search the web for "GPU Device Id")
[2020.07.08-11.22.29:420][  0]LogWindows: EnumDisplayDevices:
[2020.07.08-11.22.29:421][  0]LogWindows:    0. 'Intel(R) HD Graphics 630' (P:1 D:1)
[2020.07.08-11.22.29:422][  0]LogWindows:    1. 'Intel(R) HD Graphics 630' (P:0 D:0)
[2020.07.08-11.22.29:422][  0]LogWindows:    2. 'Intel(R) HD Graphics 630' (P:0 D:0)
[2020.07.08-11.22.29:423][  0]LogWindows:    3. 'NVIDIA GeForce GTX 1050 Ti' (P:0 D:0)
[2020.07.08-11.22.29:424][  0]LogWindows: DebugString: PrimaryIsNotTheChoosenAdapter PrimaryIsNotTheChoosenAdapter PrimaryIsNotTheChoosenAdapter 
[2020.07.08-11.22.29:424][  0]LogD3D11RHI:     Adapter Name: NVIDIA GeForce GTX 1050 Ti
[2020.07.08-11.22.29:424][  0]LogD3D11RHI:   Driver Version: 451.48 (internal:27.21.14.5148, unified:451.48)
[2020.07.08-11.22.29:424][  0]LogD3D11RHI:      Driver Date: 6-21-2020
[2020.07.08-11.22.29:424][  0]LogRHI: Texture pool is 2812 MB (70% of 4018 MB)
[2020.07.08-11.22.29:467][  0]LogD3D11RHI: RHI has support for 64 bit atomics
[2020.07.08-11.22.29:471][  0]LogD3D11RHI: [Aftermath] Enabled and primed
[2020.07.08-11.22.29:471][  0]LogD3D11RHI: Async texture creation enabled
[2020.07.08-11.22.29:471][  0]LogD3D11RHI: Array index from any shader is supported
[2020.07.08-11.22.29:490][  0]LogD3D11RHI: GPU Timing Frequency: 1000.000000 (Debug: 2 1)
[2020.07.08-11.22.29:864][  0]LogTargetPlatformManager: Display: Loaded TargetPlatform 'AllDesktop'
[2020.07.08-11.22.29:887][  0]LogTargetPlatformManager: Display: Loaded TargetPlatform 'Android'
[2020.07.08-11.22.29:887][  0]LogTargetPlatformManager: Display: Loaded TargetPlatform 'Android_ASTC'
[2020.07.08-11.22.29:887][  0]LogTargetPlatformManager: Display: Loaded TargetPlatform 'Android_DXT'
[2020.07.08-11.22.29:887][  0]LogTargetPlatformManager: Display: Loaded TargetPlatform 'Android_ETC2'
[2020.07.08-11.22.29:887][  0]LogTargetPlatformManager: Display: Loaded TargetPlatform 'AndroidClient'
[2020.07.08-11.22.29:887][  0]LogTargetPlatformManager: Display: Loaded TargetPlatform 'Android_ASTCClient'
[2020.07.08-11.22.29:887][  0]LogTargetPlatformManager: Display: Loaded TargetPlatform 'Android_DXTClient'
[2020.07.08-11.22.29:887][  0]LogTargetPlatformManager: Display: Loaded TargetPlatform 'Android_ETC2Client'
[2020.07.08-11.22.29:887][  0]LogTargetPlatformManager: Display: Loaded TargetPlatform 'Android_Multi'
[2020.07.08-11.22.29:887][  0]LogTargetPlatformManager: Display: Loaded TargetPlatform 'Android_MultiClient'
[2020.07.08-11.22.29:913][  0]LogTargetPlatformManager: Display: Loaded TargetPlatform 'IOSClient'
[2020.07.08-11.22.29:913][  0]LogTargetPlatformManager: Display: Loaded TargetPlatform 'IOS'
[2020.07.08-11.22.29:924][  0]LogTargetPlatformManager: Display: Loaded TargetPlatform 'Linux'
[2020.07.08-11.22.29:934][  0]LogTargetPlatformManager: Display: Loaded TargetPlatform 'LinuxNoEditor'
[2020.07.08-11.22.29:944][  0]LogTargetPlatformManager: Display: Loaded TargetPlatform 'LinuxClient'
[2020.07.08-11.22.29:954][  0]LogTargetPlatformManager: Display: Loaded TargetPlatform 'LinuxServer'
[2020.07.08-11.22.29:963][  0]LogTargetPlatformManager: Display: Loaded TargetPlatform 'LinuxAArch64NoEditor'
[2020.07.08-11.22.29:973][  0]LogTargetPlatformManager: Display: Loaded TargetPlatform 'LinuxAArch64Client'
[2020.07.08-11.22.29:983][  0]LogTargetPlatformManager: Display: Loaded TargetPlatform 'LinuxAArch64Server'
[2020.07.08-11.22.30:008][  0]LogTargetPlatformManager: Display: Loaded TargetPlatform 'Lumin'
[2020.07.08-11.22.30:008][  0]LogTargetPlatformManager: Display: Loaded TargetPlatform 'LuminClient'
[2020.07.08-11.22.30:024][  0]LogTargetPlatformManager: Display: Loaded TargetPlatform 'TVOSClient'
[2020.07.08-11.22.30:024][  0]LogTargetPlatformManager: Display: Loaded TargetPlatform 'TVOS'
[2020.07.08-11.22.30:034][  0]LogTargetPlatformManager: Display: Loaded TargetPlatform 'WindowsNoEditor'
[2020.07.08-11.22.30:044][  0]LogTargetPlatformManager: Display: Loaded TargetPlatform 'Windows'
[2020.07.08-11.22.30:054][  0]LogTargetPlatformManager: Display: Loaded TargetPlatform 'WindowsClient'
[2020.07.08-11.22.30:064][  0]LogTargetPlatformManager: Display: Loaded TargetPlatform 'WindowsServer'
[2020.07.08-11.22.30:064][  0]LogTargetPlatformManager: Display: Building Assets For Windows
[2020.07.08-11.22.30:074][  0]LogAudioDebug: Display: Lib vorbis DLL was dynamically loaded.
[2020.07.08-11.22.30:153][  0]LogShaderCompilers: Guid format shader working directory is 20 characters bigger than the processId version (../../../../../../Rune/Rune/Intermediate/Shaders/WorkingDirectory/56492/).
[2020.07.08-11.22.30:153][  0]LogShaderCompilers: Cleaned the shader compiler working directory 'C:/Users/Quentin/AppData/Local/Temp/UnrealShaderWorkingDir/8773A957496B2D73CBDD3286F6EEE858/'.
[2020.07.08-11.22.30:153][  0]LogXGEController: Cannot use XGE Controller as Incredibuild is not installed on this machine.
[2020.07.08-11.22.30:153][  0]LogShaderCompilers: Cannot use XGE Shader Compiler as Incredibuild is not installed on this machine.
[2020.07.08-11.22.30:153][  0]LogShaderCompilers: Display: Using Local Shader Compiler.
[2020.07.08-11.22.30:998][  0]LogDerivedDataCache: Display: Max Cache Size: 512 MB
[2020.07.08-11.22.31:067][  0]LogDerivedDataCache: Loaded boot cache 0.07s 75MB C:/Users/Quentin/AppData/Local/UnrealEngine/4.25/DerivedDataCache/Boot.ddc.
[2020.07.08-11.22.31:068][  0]LogDerivedDataCache: Display: Loaded Boot cache: C:/Users/Quentin/AppData/Local/UnrealEngine/4.25/DerivedDataCache/Boot.ddc
[2020.07.08-11.22.31:068][  0]LogDerivedDataCache: FDerivedDataBackendGraph:  Pak pak cache file ../../../../../../Rune/Rune/DerivedDataCache/DDC.ddp not found, will not use a pak cache.
[2020.07.08-11.22.31:068][  0]LogDerivedDataCache: Unable to find inner node Pak for hierarchical cache Hierarchy.
[2020.07.08-11.22.31:068][  0]LogDerivedDataCache: FDerivedDataBackendGraph:  CompressedPak pak cache file ../../../../../../Rune/Rune/DerivedDataCache/Compressed.ddp not found, will not use a pak cache.
[2020.07.08-11.22.31:068][  0]LogDerivedDataCache: Unable to find inner node CompressedPak for hierarchical cache Hierarchy.
[2020.07.08-11.22.31:081][  0]LogDerivedDataCache: Display: Pak cache opened for reading ../../../Engine/DerivedDataCache/Compressed.ddp.
[2020.07.08-11.22.31:081][  0]LogDerivedDataCache: FDerivedDataBackendGraph:  EnterprisePak pak cache file ../../../Enterprise/DerivedDataCache/Compressed.ddp not found, will not use a pak cache.
[2020.07.08-11.22.31:081][  0]LogDerivedDataCache: Unable to find inner node EnterprisePak for hierarchical cache Hierarchy.
[2020.07.08-11.22.31:082][  0]LogDerivedDataCache: Using Local data cache path C:/Users/Quentin/AppData/Local/UnrealEngine/Common/DerivedDataCache: Writable
[2020.07.08-11.22.31:082][  0]LogDerivedDataCache: Shared data cache path not found in *engine.ini, will not use an Shared cache.
[2020.07.08-11.22.31:082][  0]LogDerivedDataCache: Unable to find inner node Shared for hierarchical cache Hierarchy.
[2020.07.08-11.22.31:144][  0]LogSlate: Using FreeType 2.10.0
[2020.07.08-11.22.31:144][  0]LogSlate: SlateFontServices - WITH_FREETYPE: 1, WITH_HARFBUZZ: 1
[2020.07.08-11.22.31:179][  0]LogAssetRegistry: FAssetRegistry took 0.0031 seconds to start up
[2020.07.08-11.22.31:462][  0]LogInit: Selected Device Profile: [Windows]
[2020.07.08-11.22.31:612][  0]LogMeshReduction: Using QuadricMeshReduction for automatic static mesh reduction
[2020.07.08-11.22.31:612][  0]LogMeshReduction: Using SimplygonMeshReduction for automatic skeletal mesh reduction
[2020.07.08-11.22.31:612][  0]LogMeshReduction: Using ProxyLODMeshReduction for automatic mesh merging
[2020.07.08-11.22.31:612][  0]LogMeshReduction: No distributed automatic mesh merging module available
[2020.07.08-11.22.31:612][  0]LogMeshMerging: No distributed automatic mesh merging module available
[2020.07.08-11.22.31:631][  0]LogNetVersion: Rune 1.0.0, NetCL: 13144385, EngineNetVer: 14, GameNetVer: 0 (Checksum: 2362851361)
[2020.07.08-11.22.32:151][  0]LogAISub: UAISubsystem::UAISubsystem AISubsystem (00000195EFD9A440), frame # 0
[2020.07.08-11.22.32:151][  0]LogAISub: UAISubsystem::UAISubsystem AIPerceptionSystem (00000195EFD3CF40), frame # 0
[2020.07.08-11.22.32:152][  0]LogAISub: UAISubsystem::UAISubsystem EnvQueryManager (00000195EFD9CA00), frame # 0
[2020.07.08-11.22.32:213][  0]LogPackageLocalizationCache: Processed 20 localized package path(s) for 1 prioritized culture(s) in 0.054550 seconds
[2020.07.08-11.22.32:219][  0]LogUObjectArray: 15917 objects as part of root set at end of initial load.
[2020.07.08-11.22.32:219][  0]LogUObjectAllocator: 3965568 out of 0 bytes used by permanent object pool.
[2020.07.08-11.22.32:219][  0]LogUObjectArray: CloseDisregardForGC: 0/0 objects in disregard for GC pool
[2020.07.08-11.22.32:683][  0]LogSubstanceCoreModule: Substance [CPU] Engine Loaded, Max Texture Size = 2048
[2020.07.08-11.22.32:698][  0]LogTcpMessaging: Initializing TcpMessaging bridge
[2020.07.08-11.22.32:704][  0]LogUdpMessaging: Initializing bridge on interface 0.0.0.0:0 to multicast group 230.0.0.1:6666.
[2020.07.08-11.22.32:814][  0]SourceControl: Source control is disabled
[2020.07.08-11.22.32:815][  0]SourceControl: Source control is disabled
[2020.07.08-11.22.32:819][  0]SourceControl: Source control is disabled
[2020.07.08-11.22.32:823][  0]SourceControl: Source control is disabled
[2020.07.08-11.22.32:834][  0]SourceControl: Source control is disabled
[2020.07.08-11.22.33:171][  0]LogAndroidPermission: UAndroidPermissionCallbackProxy::GetInstance
[2020.07.08-11.22.33:200][  0]LogAudioCaptureCore: Display: No Audio Capture implementations found. Audio input will be silent.
[2020.07.08-11.22.33:200][  0]LogAudioCaptureCore: Display: No Audio Capture implementations found. Audio input will be silent.
[2020.07.08-11.22.33:265][  0]LogOcInput: OculusInput pre-init called
[2020.07.08-11.22.33:279][  0]LogWindows: Failed to load 'OVRPlugin.dll' (GetLastError=126)
[2020.07.08-11.22.33:279][  0]LogWindows: File 'OVRPlugin.dll' does not exist
[2020.07.08-11.22.33:438][  0]LogEngine: Initializing Engine...
[2020.07.08-11.22.33:439][  0]LogHMD: Failed to initialize OpenVR with code 110
[2020.07.08-11.22.33:439][  0]LogMagicLeap: Warning: VR disabled because ZI is not enabled.  To enable, in the editor, Edit -> Project Settings -> Plugins -> Magic Leap Plugin -> Enable Zero Iteration
[2020.07.08-11.22.33:440][  0]LogStats: UGameplayTagsManager::InitializeManager -  0.000 s
[2020.07.08-11.22.33:586][  0]LogInit: Initializing FReadOnlyCVARCache
[2020.07.08-11.22.33:596][  0]LogAIModule: Creating AISystem for world Untitled
[2020.07.08-11.22.33:596][  0]LogAISub: UAISubsystem::UAISubsystem EnvQueryManager (00000195F6214A00), frame # 0
[2020.07.08-11.22.33:596][  0]LogAISub: UAISubsystem::UAISubsystem AIPerceptionSystem (00000195F6249940), frame # 0
[2020.07.08-11.22.33:626][  0]LogAudioMixer: Display: Audio Mixer Platform Settings:
[2020.07.08-11.22.33:626][  0]LogAudioMixer: Display: 	Sample Rate:						  48000
[2020.07.08-11.22.33:626][  0]LogAudioMixer: Display: 	Callback Buffer Frame Size Requested: 1024
[2020.07.08-11.22.33:626][  0]LogAudioMixer: Display: 	Callback Buffer Frame Size To Use:	  1024
[2020.07.08-11.22.33:626][  0]LogAudioMixer: Display: 	Number of buffers to queue:			  2
[2020.07.08-11.22.33:626][  0]LogAudioMixer: Display: 	Max Channels (voices):				  32
[2020.07.08-11.22.33:626][  0]LogAudioMixer: Display: 	Number of Async Source Workers:		  0
[2020.07.08-11.22.33:626][  0]LogAudio: Display: AudioDevice MaxSources: 32
[2020.07.08-11.22.33:626][  0]LogAudio: Display: Using built-in audio occlusion.
[2020.07.08-11.22.33:626][  0]LogAudioMixer: Display: Initializing audio mixer.
[2020.07.08-11.22.33:640][  0]LogAudioMixer: Display: 0: FrontLeft
[2020.07.08-11.22.33:641][  0]LogAudioMixer: Display: 1: FrontRight
[2020.07.08-11.22.34:511][  0]LogAudioMixer: Display: Using Audio Device Haut-parleurs (Realtek High Definition Audio(SST))
[2020.07.08-11.22.34:514][  0]LogAudioMixer: Display: Initializing Sound Submixes...
[2020.07.08-11.22.34:516][  0]LogAudioMixer: Display: Creating Master Submix 'MasterSubmixDefault'
[2020.07.08-11.22.34:516][  0]LogAudioMixer: Display: Creating Master Submix 'MasterReverbSubmixDefault'
[2020.07.08-11.22.34:517][  0]LogAudioMixer: Display: Creating Master Submix 'MasterEQSubmixDefault'
[2020.07.08-11.22.34:518][  0]LogInit: FAudioDevice initialized.
[2020.07.08-11.22.34:518][  0]LogNetVersion: Set ProjectVersion to 1.0.0.0. Version Checksum will be recalculated on next use.
[2020.07.08-11.22.34:591][  0]LogDerivedDataCache: Saved boot cache 0.07s 76MB C:/Users/Quentin/AppData/Local/UnrealEngine/4.25/DerivedDataCache/Boot.ddc.
[2020.07.08-11.22.34:597][  0]LogInit: Texture streaming: Enabled
[2020.07.08-11.22.34:622][  0]LogEngineSessionManager: EngineSessionManager initialized
[2020.07.08-11.22.34:622][  0]LogEditorSessionSummary: Verbose: Initializing EditorSessionSummaryWriter for editor session tracking
[2020.07.08-11.22.34:628][  0]LogEditorSessionSummary: EditorSessionSummaryWriter initialized
[2020.07.08-11.22.34:705][  0]LogInit: Transaction tracking system initialized
[2020.07.08-11.22.34:737][  0]BlueprintLog: New page: Editor Load
[2020.07.08-11.22.34:835][  0]LocalizationService: Localization service is disabled
[2020.07.08-11.22.35:031][  0]LogCook: Display: Max memory allowance for cook 16384mb min free memory 0mb
[2020.07.08-11.22.35:031][  0]LogCook: Display: Mobile HDR setting 1
[2020.07.08-11.22.35:216][  0]LogFileCache: Scanning file cache for directory 'D:/Rune/Rune/Content/' took 0.00s
[2020.07.08-11.22.35:521][  0]SourceControl: Source control is disabled
[2020.07.08-11.22.35:521][  0]LogUnrealEdMisc: Loading editor; pre map load, took 8.989
[2020.07.08-11.22.35:521][  0]Cmd: MAP LOAD FILE="../../../../../../Rune/Rune/Content/ThirdPersonBP/Maps/ThirdPersonExampleMap.umap" TEMPLATE=0 SHOWPROGRESS=1 FEATURELEVEL=3
[2020.07.08-11.22.35:522][  0]LightingResults: New page: Lighting Build
[2020.07.08-11.22.35:522][  0]LogWorld: UWorld::CleanupWorld for Untitled, bSessionEnded=true, bCleanupResources=true
[2020.07.08-11.22.35:522][  0]LogSlate: InvalidateAllWidgets triggered.  All widgets were invalidated
[2020.07.08-11.22.35:522][  0]MapCheck: New page: Map Check
[2020.07.08-11.22.35:522][  0]LightingResults: New page: Lighting Build
[2020.07.08-11.22.35:532][  0]LogAISub: UAISubsystem::~UAISubsystem EnvQueryManager (00000195F6214A00), frame # 0
[2020.07.08-11.22.35:532][  0]LogAISub: UAISubsystem::~UAISubsystem AIPerceptionSystem (00000195F6249940), frame # 0
[2020.07.08-11.22.35:533][  0]LogUObjectHash: Compacting FUObjectHashTables data took   0.74ms
[2020.07.08-11.22.36:107][  0]LogAIModule: Creating AISystem for world ThirdPersonExampleMap
[2020.07.08-11.22.36:107][  0]LogAISub: UAISubsystem::UAISubsystem EnvQueryManager (00000195877BFC00), frame # 0
[2020.07.08-11.22.36:107][  0]LogAISub: UAISubsystem::UAISubsystem AIPerceptionSystem (00000195877A1440), frame # 0
[2020.07.08-11.22.36:139][  0]LogEditorServer: Finished looking for orphan Actors (0.000 secs)
[2020.07.08-11.22.36:159][  0]LogUObjectHash: Compacting FUObjectHashTables data took   1.31ms
[2020.07.08-11.22.36:159][  0]Cmd: MAP CHECKDEP NOCLEARLOG
[2020.07.08-11.22.36:159][  0]MapCheck: Map check complete: 0 Error(s), 0 Warning(s), took 0,124ms to complete.
[2020.07.08-11.22.36:159][  0]LogFileHelpers: Loading map 'ThirdPersonExampleMap' took 0.638
[2020.07.08-11.22.36:159][  0]LogAssetRegistry: Flushing asset discovery search because of synchronous request, this can take several seconds...
[2020.07.08-11.22.36:181][  0]LogAssetRegistry: Asset discovery search completed in 0.0219 seconds
[2020.07.08-11.22.36:190][  0]LogCollectionManager: Loaded 0 collections in 0.000748 seconds
[2020.07.08-11.22.36:192][  0]LogFileCache: Scanning file cache for directory 'D:/Rune/Rune/Saved/Collections/' took 0.00s
[2020.07.08-11.22.36:192][  0]LogFileCache: Scanning file cache for directory 'D:/Rune/Rune/Content/Developers/Quentin/Collections/' took 0.00s
[2020.07.08-11.22.36:192][  0]LogFileCache: Scanning file cache for directory 'D:/Rune/Rune/Content/Collections/' took 0.00s
[2020.07.08-11.22.36:192][  0]LogCollectionManager: Fixed up redirectors for 0 collections in 0.000004 seconds (updated 0 objects)
[2020.07.08-11.22.36:193][  0]LogUnrealEdMisc: Total Editor Startup Time, took 9.661
[2020.07.08-11.22.36:338][  0]LogSlate: Updating window title bar state: overlay mode, drag disabled, window buttons hidden, title bar hidden
[2020.07.08-11.22.36:346][  0]LogSlate: Updating window title bar state: overlay mode, drag disabled, window buttons hidden, title bar hidden
[2020.07.08-11.22.36:353][  0]LogSlate: Updating window title bar state: overlay mode, drag disabled, window buttons hidden, title bar hidden
[2020.07.08-11.22.36:361][  0]LogSlate: Updating window title bar state: overlay mode, drag disabled, window buttons hidden, title bar hidden
[2020.07.08-11.22.36:376][  0]LogContentBrowser: Native class hierarchy populated in 0.0095 seconds. Added 3437 classes and 827 folders.
[2020.07.08-11.22.36:381][  0]LogContentBrowser: Native class hierarchy updated for 'WidgetCarousel' in 0.0004 seconds. Added 0 classes and 0 folders.
[2020.07.08-11.22.36:423][  0]LogContentBrowser: Native class hierarchy updated for 'AddContentDialog' in 0.0003 seconds. Added 0 classes and 0 folders.
[2020.07.08-11.22.36:424][  0]LogContentBrowser: Native class hierarchy updated for 'SceneOutliner' in 0.0003 seconds. Added 2 classes and 0 folders.
[2020.07.08-11.22.36:478][  0]LogSlate: Took 0.000180 seconds to synchronously load lazily loaded font '../../../Engine/Content/Slate/Fonts/Roboto-Regular.ttf' (155K)
[2020.07.08-11.22.36:480][  0]LogSlate: Took 0.000152 seconds to synchronously load lazily loaded font '../../../Engine/Content/Slate/Fonts/Roboto-Bold.ttf' (160K)
[2020.07.08-11.22.36:484][  0]LogSlate: Took 0.000136 seconds to synchronously load lazily loaded font '../../../Engine/Content/Editor/Slate/Fonts/FontAwesome.ttf' (139K)
[2020.07.08-11.22.36:583][  0]LogRenderer: Reallocating scene render targets to support 1208x572 Format 10 NumSamples 1 (Frame:1).
[2020.07.08-11.22.36:656][  0]LogSlate: Took 0.000152 seconds to synchronously load lazily loaded font '../../../Engine/Content/Slate/Fonts/Roboto-Light.ttf' (167K)
[2020.07.08-11.22.36:766][  0]LogContentBrowser: Native class hierarchy updated for 'HierarchicalLODOutliner' in 0.0003 seconds. Added 0 classes and 0 folders.
[2020.07.08-11.22.36:766][  0]LogLoad: (Engine Initialization) Total time: 10.23 seconds
[2020.07.08-11.22.36:766][  0]LogLoad: (Engine Initialization) Total Blueprint compile time: 0.00 seconds
[2020.07.08-11.22.36:823][  0]LogContentStreaming: Texture pool size now 1000 MB
[2020.07.08-11.22.36:845][  1]LogSubstanceLiveLink: Warning: Unable to send data along socket, closing connection
[2020.07.08-11.22.37:809][ 51]LogSlate: Took 0.000244 seconds to synchronously load lazily loaded font '../../../Engine/Content/Slate/Fonts/Roboto-Light.ttf' (167K)
[2020.07.08-11.22.42:054][279]LogAssetEditorSubsystem: Opening Asset editor for WidgetBlueprint /Game/HUD.HUD
[2020.07.08-11.22.42:356][279]LogContentBrowser: Native class hierarchy updated for 'BlueprintGraph' in 0.0005 seconds. Added 125 classes and 0 folders.
[2020.07.08-11.22.43:468][279]LogAssetEditorSubsystem: Opening Asset editor for Blueprint /Game/ThirdPersonBP/Blueprints/ThirdPersonCharacter.ThirdPersonCharacter
[2020.07.08-11.22.44:202][279]LogSlate: Took 0.000235 seconds to synchronously load lazily loaded font '../../../Engine/Content/Slate/Fonts/Roboto-BoldCondensed.ttf' (158K)
[2020.07.08-11.22.44:340][280]LogSlate: Took 0.000178 seconds to synchronously load lazily loaded font '../../../Engine/Content/Slate/Fonts/Roboto-Italic.ttf' (157K)
[2020.07.08-11.22.55:433][866]BlueprintLog: New page: Compile ThirdPersonCharacter
[2020.07.08-11.22.55:523][866]LogUObjectHash: Compacting FUObjectHashTables data took   4.24ms
[2020.07.08-11.22.56:168][888]Cmd: OBJ SAVEPACKAGE PACKAGE="/Game/ThirdPersonBP/Blueprints/ThirdPersonCharacter" FILE="../../../../../../Rune/Rune/Content/ThirdPersonBP/Blueprints/ThirdPersonCharacter.uasset" SILENT=true
[2020.07.08-11.22.56:210][888]LogSavePackage: Moving '../../../../../../Rune/Rune/Saved/ThirdPersonCharacter62EE21A749AFDC1A8258E4AA4FE580C6.tmp' to '../../../../../../Rune/Rune/Content/ThirdPersonBP/Blueprints/ThirdPersonCharacter.uasset'
[2020.07.08-11.22.56:232][888]AssetCheck: New page: Asset Save: ThirdPersonCharacter
[2020.07.08-11.22.56:232][888]LogContentValidation: Display: Validating Blueprint /Game/ThirdPersonBP/Blueprints/ThirdPersonCharacter.ThirdPersonCharacter
[2020.07.08-11.23.14:810][685]LogHttp: Warning: 00000195A50BAB00: invalid HTTP response code received. URL: https://datarouter.ol.epicgames.com/datarouter/api/v1/public/data?SessionID=%7BBBD86349-4531-D3A5-D5B1-36A4037B9421%7D&AppID=UEEditor.Rocket.Release&AppVersion=4.25.1-13594126%2B%2B%2BUE4%2BRelease-4.25&UserID=ffd1602e4b7bdd62ce5ca7be0471725d%7C5429a31f16914ef6908d632108430323%7C20012fac-2f76-4a24-b46e-7478c866ee25&AppEnvironment=datacollector-source&UploadType=eteventstream, HTTP code: 0, content length: 0, actual payload size: 0
[2020.07.08-11.23.14:810][685]LogHttp: Warning: 00000195A50BAB00: request failed, libcurl error: 35 (SSL connect error)
[2020.07.08-11.23.14:810][685]LogHttp: Warning: 00000195A50BAB00: libcurl info message cache 0 (  Trying 52.7.165.73...)
[2020.07.08-11.23.14:810][685]LogHttp: Warning: 00000195A50BAB00: libcurl info message cache 1 (TCP_NODELAY set)
[2020.07.08-11.23.14:810][685]LogHttp: Warning: 00000195A50BAB00: libcurl info message cache 2 (Connected to datarouter.ol.epicgames.com (52.7.165.73) port 443 (#0))
[2020.07.08-11.23.14:810][685]LogHttp: Warning: 00000195A50BAB00: libcurl info message cache 3 (ALPN, offering http/1.1)
[2020.07.08-11.23.14:810][685]LogHttp: Warning: 00000195A50BAB00: libcurl info message cache 4 (Cipher selection: ALL:!EXPORT:!EXPORT40:!EXPORT56:!aNULL:!LOW:!RC4:@STRENGTH)
[2020.07.08-11.23.14:811][685]LogHttp: Warning: 00000195A50BAB00: libcurl info message cache 5 (TLSv1.3 (OUT), TLS handshake, Client hello (1):)
[2020.07.08-11.23.14:811][685]LogHttp: Warning: 00000195A50BAB00: libcurl info message cache 6 (OpenSSL SSL_connect: SSL_ERROR_SYSCALL in connection to datarouter.ol.epicgames.com:443 )
[2020.07.08-11.23.14:811][685]LogHttp: Warning: 00000195A50BAB00: libcurl info message cache 7 (Closing connection 0)
[2020.07.08-11.23.15:144][686]LogHttp: Warning: Retry exhausted on https://datarouter.ol.epicgames.com/datarouter/api/v1/public/data?SessionID=%7BBBD86349-4531-D3A5-D5B1-36A4037B9421%7D&AppID=UEEditor.Rocket.Release&AppVersion=4.25.1-13594126%2B%2B%2BUE4%2BRelease-4.25&UserID=ffd1602e4b7bdd62ce5ca7be0471725d%7C5429a31f16914ef6908d632108430323%7C20012fac-2f76-4a24-b46e-7478c866ee25&AppEnvironment=datacollector-source&UploadType=eteventstream
[2020.07.08-11.24.23:166][791]BlueprintLog: New page: Compile ThirdPersonCharacter
[2020.07.08-11.24.23:255][791]LogUObjectHash: Compacting FUObjectHashTables data took   6.56ms
[2020.07.08-11.24.24:156][826]Cmd: OBJ SAVEPACKAGE PACKAGE="/Game/ThirdPersonBP/Blueprints/ThirdPersonCharacter" FILE="../../../../../../Rune/Rune/Content/ThirdPersonBP/Blueprints/ThirdPersonCharacter.uasset" SILENT=true
[2020.07.08-11.24.24:186][826]LogSavePackage: Moving '../../../../../../Rune/Rune/Saved/ThirdPersonCharacter6F320612406C50D304B3948DD444A646.tmp' to '../../../../../../Rune/Rune/Content/ThirdPersonBP/Blueprints/ThirdPersonCharacter.uasset'
[2020.07.08-11.24.24:208][826]AssetCheck: New page: Asset Save: ThirdPersonCharacter
[2020.07.08-11.24.24:208][826]LogContentValidation: Display: Validating Blueprint /Game/ThirdPersonBP/Blueprints/ThirdPersonCharacter.ThirdPersonCharacter
[2020.07.08-11.25.36:987][417]LogHttp: Warning: 000001962F005D00: invalid HTTP response code received. URL: https://datarouter.ol.epicgames.com/datarouter/api/v1/public/data?SessionID=%7BBBD86349-4531-D3A5-D5B1-36A4037B9421%7D&AppID=UEEditor.Rocket.Release&AppVersion=4.25.1-13594126%2B%2B%2BUE4%2BRelease-4.25&UserID=ffd1602e4b7bdd62ce5ca7be0471725d%7C5429a31f16914ef6908d632108430323%7C20012fac-2f76-4a24-b46e-7478c866ee25&AppEnvironment=datacollector-source&UploadType=eteventstream, HTTP code: 0, content length: 0, actual payload size: 0
[2020.07.08-11.25.36:987][417]LogHttp: Warning: 000001962F005D00: request failed, libcurl error: 35 (SSL connect error)
[2020.07.08-11.25.36:987][417]LogHttp: Warning: 000001962F005D00: libcurl info message cache 0 (Hostname in DNS cache was stale, zapped)
[2020.07.08-11.25.36:987][417]LogHttp: Warning: 000001962F005D00: libcurl info message cache 1 (  Trying 52.86.40.175...)
[2020.07.08-11.25.36:987][417]LogHttp: Warning: 000001962F005D00: libcurl info message cache 2 (TCP_NODELAY set)
[2020.07.08-11.25.36:987][417]LogHttp: Warning: 000001962F005D00: libcurl info message cache 3 (Connected to datarouter.ol.epicgames.com (52.86.40.175) port 443 (#1))
[2020.07.08-11.25.36:987][417]LogHttp: Warning: 000001962F005D00: libcurl info message cache 4 (ALPN, offering http/1.1)
[2020.07.08-11.25.36:987][417]LogHttp: Warning: 000001962F005D00: libcurl info message cache 5 (Cipher selection: ALL:!EXPORT:!EXPORT40:!EXPORT56:!aNULL:!LOW:!RC4:@STRENGTH)
[2020.07.08-11.25.36:987][417]LogHttp: Warning: 000001962F005D00: libcurl info message cache 6 (TLSv1.3 (OUT), TLS handshake, Client hello (1):)
[2020.07.08-11.25.36:987][417]LogHttp: Warning: 000001962F005D00: libcurl info message cache 7 (OpenSSL SSL_connect: SSL_ERROR_SYSCALL in connection to datarouter.ol.epicgames.com:443 )
[2020.07.08-11.25.36:987][417]LogHttp: Warning: 000001962F005D00: libcurl info message cache 8 (Closing connection 1)
[2020.07.08-11.25.37:016][418]LogHttp: Warning: Retry exhausted on https://datarouter.ol.epicgames.com/datarouter/api/v1/public/data?SessionID=%7BBBD86349-4531-D3A5-D5B1-36A4037B9421%7D&AppID=UEEditor.Rocket.Release&AppVersion=4.25.1-13594126%2B%2B%2BUE4%2BRelease-4.25&UserID=ffd1602e4b7bdd62ce5ca7be0471725d%7C5429a31f16914ef6908d632108430323%7C20012fac-2f76-4a24-b46e-7478c866ee25&AppEnvironment=datacollector-source&UploadType=eteventstream
[2020.07.08-11.25.38:401][470]LogSlate: Window 'Project Settings' being destroyed
[2020.07.08-11.25.38:414][470]LogSlate: Window 'Project Settings' being destroyed
[2020.07.08-11.26.17:700][379]LogSlate: Window 'Project Settings' being destroyed
[2020.07.08-11.26.17:712][379]LogSlate: Window 'Project Settings' being destroyed
[2020.07.08-11.28.01:812][949]LogHttp: Warning: 00000196219C4100: invalid HTTP response code received. URL: https://datarouter.ol.epicgames.com/datarouter/api/v1/public/data?SessionID=%7BBBD86349-4531-D3A5-D5B1-36A4037B9421%7D&AppID=UEEditor.Rocket.Release&AppVersion=4.25.1-13594126%2B%2B%2BUE4%2BRelease-4.25&UserID=ffd1602e4b7bdd62ce5ca7be0471725d%7C5429a31f16914ef6908d632108430323%7C20012fac-2f76-4a24-b46e-7478c866ee25&AppEnvironment=datacollector-source&UploadType=eteventstream, HTTP code: 0, content length: 0, actual payload size: 0
[2020.07.08-11.28.01:812][949]LogHttp: Warning: 00000196219C4100: request failed, libcurl error: 35 (SSL connect error)
[2020.07.08-11.28.01:812][949]LogHttp: Warning: 00000196219C4100: libcurl info message cache 0 (Hostname in DNS cache was stale, zapped)
[2020.07.08-11.28.01:812][949]LogHttp: Warning: 00000196219C4100: libcurl info message cache 1 (  Trying 34.204.33.248...)
[2020.07.08-11.28.01:812][949]LogHttp: Warning: 00000196219C4100: libcurl info message cache 2 (TCP_NODELAY set)
[2020.07.08-11.28.01:813][949]LogHttp: Warning: 00000196219C4100: libcurl info message cache 3 (Connected to datarouter.ol.epicgames.com (34.204.33.248) port 443 (#2))
[2020.07.08-11.28.01:813][949]LogHttp: Warning: 00000196219C4100: libcurl info message cache 4 (ALPN, offering http/1.1)
[2020.07.08-11.28.01:813][949]LogHttp: Warning: 00000196219C4100: libcurl info message cache 5 (Cipher selection: ALL:!EXPORT:!EXPORT40:!EXPORT56:!aNULL:!LOW:!RC4:@STRENGTH)
[2020.07.08-11.28.01:813][949]LogHttp: Warning: 00000196219C4100: libcurl info message cache 6 (TLSv1.3 (OUT), TLS handshake, Client hello (1):)
[2020.07.08-11.28.01:813][949]LogHttp: Warning: 00000196219C4100: libcurl info message cache 7 (OpenSSL SSL_connect: SSL_ERROR_SYSCALL in connection to datarouter.ol.epicgames.com:443 )
[2020.07.08-11.28.01:813][949]LogHttp: Warning: 00000196219C4100: libcurl info message cache 8 (Closing connection 2)
[2020.07.08-11.28.01:829][950]LogHttp: Warning: Retry exhausted on https://datarouter.ol.epicgames.com/datarouter/api/v1/public/data?SessionID=%7BBBD86349-4531-D3A5-D5B1-36A4037B9421%7D&AppID=UEEditor.Rocket.Release&AppVersion=4.25.1-13594126%2B%2B%2BUE4%2BRelease-4.25&UserID=ffd1602e4b7bdd62ce5ca7be0471725d%7C5429a31f16914ef6908d632108430323%7C20012fac-2f76-4a24-b46e-7478c866ee25&AppEnvironment=datacollector-source&UploadType=eteventstream
[2020.07.08-11.28.33:504][363]BlueprintLog: New page: Compile ThirdPersonCharacter
[2020.07.08-11.28.33:668][363]LogUObjectHash: Compacting FUObjectHashTables data took   6.30ms
[2020.07.08-11.28.34:303][387]Cmd: OBJ SAVEPACKAGE PACKAGE="/Game/ThirdPersonBP/Blueprints/ThirdPersonCharacter" FILE="../../../../../../Rune/Rune/Content/ThirdPersonBP/Blueprints/ThirdPersonCharacter.uasset" SILENT=true
[2020.07.08-11.28.34:350][387]LogSavePackage: Moving '../../../../../../Rune/Rune/Saved/ThirdPersonCharacter8E9FE246435A0C27780748B744FBE464.tmp' to '../../../../../../Rune/Rune/Content/ThirdPersonBP/Blueprints/ThirdPersonCharacter.uasset'
[2020.07.08-11.28.34:370][387]AssetCheck: New page: Asset Save: ThirdPersonCharacter
[2020.07.08-11.28.34:370][387]LogContentValidation: Display: Validating Blueprint /Game/ThirdPersonBP/Blueprints/ThirdPersonCharacter.ThirdPersonCharacter
[2020.07.08-11.30.23:647][327]LogHttp: Warning: 000001960CFBD600: invalid HTTP response code received. URL: https://datarouter.ol.epicgames.com/datarouter/api/v1/public/data?SessionID=%7BBBD86349-4531-D3A5-D5B1-36A4037B9421%7D&AppID=UEEditor.Rocket.Release&AppVersion=4.25.1-13594126%2B%2B%2BUE4%2BRelease-4.25&UserID=ffd1602e4b7bdd62ce5ca7be0471725d%7C5429a31f16914ef6908d632108430323%7C20012fac-2f76-4a24-b46e-7478c866ee25&AppEnvironment=datacollector-source&UploadType=eteventstream, HTTP code: 0, content length: 0, actual payload size: 0
[2020.07.08-11.30.23:647][327]LogHttp: Warning: 000001960CFBD600: request failed, libcurl error: 35 (SSL connect error)
[2020.07.08-11.30.23:647][327]LogHttp: Warning: 000001960CFBD600: libcurl info message cache 0 (Hostname in DNS cache was stale, zapped)
[2020.07.08-11.30.23:647][327]LogHttp: Warning: 000001960CFBD600: libcurl info message cache 1 (  Trying 52.5.92.97...)
[2020.07.08-11.30.23:647][327]LogHttp: Warning: 000001960CFBD600: libcurl info message cache 2 (TCP_NODELAY set)
[2020.07.08-11.30.23:647][327]LogHttp: Warning: 000001960CFBD600: libcurl info message cache 3 (Connected to datarouter.ol.epicgames.com (52.5.92.97) port 443 (#3))
[2020.07.08-11.30.23:647][327]LogHttp: Warning: 000001960CFBD600: libcurl info message cache 4 (ALPN, offering http/1.1)
[2020.07.08-11.30.23:647][327]LogHttp: Warning: 000001960CFBD600: libcurl info message cache 5 (Cipher selection: ALL:!EXPORT:!EXPORT40:!EXPORT56:!aNULL:!LOW:!RC4:@STRENGTH)
[2020.07.08-11.30.23:647][327]LogHttp: Warning: 000001960CFBD600: libcurl info message cache 6 (TLSv1.3 (OUT), TLS handshake, Client hello (1):)
[2020.07.08-11.30.23:647][327]LogHttp: Warning: 000001960CFBD600: libcurl info message cache 7 (OpenSSL SSL_connect: SSL_ERROR_SYSCALL in connection to datarouter.ol.epicgames.com:443 )
[2020.07.08-11.30.23:647][327]LogHttp: Warning: 000001960CFBD600: libcurl info message cache 8 (Closing connection 3)
[2020.07.08-11.30.23:664][328]LogHttp: Warning: Retry exhausted on https://datarouter.ol.epicgames.com/datarouter/api/v1/public/data?SessionID=%7BBBD86349-4531-D3A5-D5B1-36A4037B9421%7D&AppID=UEEditor.Rocket.Release&AppVersion=4.25.1-13594126%2B%2B%2BUE4%2BRelease-4.25&UserID=ffd1602e4b7bdd62ce5ca7be0471725d%7C5429a31f16914ef6908d632108430323%7C20012fac-2f76-4a24-b46e-7478c866ee25&AppEnvironment=datacollector-source&UploadType=eteventstream
[2020.07.08-11.30.41:787][872]LogSlate: Window 'ThirdPersonCharacter' being destroyed
[2020.07.08-11.30.43:438][961]LogSlate: Window 'ThirdPersonCharacter' being destroyed
[2020.07.08-11.30.44:933][ 49]LogSlate: Window 'HUD' being destroyed
[2020.07.08-11.30.46:717][156]BlueprintLog: New page: Compile ThirdPersonCharacter
[2020.07.08-11.30.46:824][156]LogUObjectHash: Compacting FUObjectHashTables data took   4.92ms
[2020.07.08-11.30.47:303][177]Cmd: OBJ SAVEPACKAGE PACKAGE="/Game/ThirdPersonBP/Blueprints/ThirdPersonCharacter" FILE="../../../../../../Rune/Rune/Content/ThirdPersonBP/Blueprints/ThirdPersonCharacter.uasset" SILENT=true
[2020.07.08-11.30.47:344][177]LogSavePackage: Moving '../../../../../../Rune/Rune/Saved/ThirdPersonCharacter33CA034748D16EB29ECB43B22FA43AA7.tmp' to '../../../../../../Rune/Rune/Content/ThirdPersonBP/Blueprints/ThirdPersonCharacter.uasset'
[2020.07.08-11.30.47:360][177]AssetCheck: New page: Asset Save: ThirdPersonCharacter
[2020.07.08-11.30.47:360][177]LogContentValidation: Display: Validating Blueprint /Game/ThirdPersonBP/Blueprints/ThirdPersonCharacter.ThirdPersonCharacter
[2020.07.08-11.32.29:748][872]BlueprintLog: New page: Compile ThirdPersonCharacter
[2020.07.08-11.32.29:839][872]LogUObjectHash: Compacting FUObjectHashTables data took   5.85ms
[2020.07.08-11.32.30:553][904]Cmd: OBJ SAVEPACKAGE PACKAGE="/Game/ThirdPersonBP/Blueprints/ThirdPersonCharacter" FILE="../../../../../../Rune/Rune/Content/ThirdPersonBP/Blueprints/ThirdPersonCharacter.uasset" SILENT=true
[2020.07.08-11.32.30:593][904]LogSavePackage: Moving '../../../../../../Rune/Rune/Saved/ThirdPersonCharacterF553EB564166F2142EC1C0BC9C8D9B6A.tmp' to '../../../../../../Rune/Rune/Content/ThirdPersonBP/Blueprints/ThirdPersonCharacter.uasset'
[2020.07.08-11.32.30:615][904]AssetCheck: New page: Asset Save: ThirdPersonCharacter
[2020.07.08-11.32.30:615][904]LogContentValidation: Display: Validating Blueprint /Game/ThirdPersonBP/Blueprints/ThirdPersonCharacter.ThirdPersonCharacter
[2020.07.08-11.32.45:719][983]LogHttp: Warning: 00000195FEF97900: invalid HTTP response code received. URL: https://datarouter.ol.epicgames.com/datarouter/api/v1/public/data?SessionID=%7BBBD86349-4531-D3A5-D5B1-36A4037B9421%7D&AppID=UEEditor.Rocket.Release&AppVersion=4.25.1-13594126%2B%2B%2BUE4%2BRelease-4.25&UserID=ffd1602e4b7bdd62ce5ca7be0471725d%7C5429a31f16914ef6908d632108430323%7C20012fac-2f76-4a24-b46e-7478c866ee25&AppEnvironment=datacollector-source&UploadType=eteventstream, HTTP code: 0, content length: 0, actual payload size: 0
[2020.07.08-11.32.45:719][983]LogHttp: Warning: 00000195FEF97900: request failed, libcurl error: 35 (SSL connect error)
[2020.07.08-11.32.45:719][983]LogHttp: Warning: 00000195FEF97900: libcurl info message cache 0 (Hostname in DNS cache was stale, zapped)
[2020.07.08-11.32.45:719][983]LogHttp: Warning: 00000195FEF97900: libcurl info message cache 1 (  Trying 34.234.229.47...)
[2020.07.08-11.32.45:719][983]LogHttp: Warning: 00000195FEF97900: libcurl info message cache 2 (TCP_NODELAY set)
[2020.07.08-11.32.45:720][983]LogHttp: Warning: 00000195FEF97900: libcurl info message cache 3 (Connected to datarouter.ol.epicgames.com (34.234.229.47) port 443 (#4))
[2020.07.08-11.32.45:720][983]LogHttp: Warning: 00000195FEF97900: libcurl info message cache 4 (ALPN, offering http/1.1)
[2020.07.08-11.32.45:720][983]LogHttp: Warning: 00000195FEF97900: libcurl info message cache 5 (Cipher selection: ALL:!EXPORT:!EXPORT40:!EXPORT56:!aNULL:!LOW:!RC4:@STRENGTH)
[2020.07.08-11.32.45:720][983]LogHttp: Warning: 00000195FEF97900: libcurl info message cache 6 (TLSv1.3 (OUT), TLS handshake, Client hello (1):)
[2020.07.08-11.32.45:720][983]LogHttp: Warning: 00000195FEF97900: libcurl info message cache 7 (OpenSSL SSL_connect: SSL_ERROR_SYSCALL in connection to datarouter.ol.epicgames.com:443 )
[2020.07.08-11.32.45:720][983]LogHttp: Warning: 00000195FEF97900: libcurl info message cache 8 (Closing connection 4)
[2020.07.08-11.32.46:054][984]LogHttp: Warning: Retry exhausted on https://datarouter.ol.epicgames.com/datarouter/api/v1/public/data?SessionID=%7BBBD86349-4531-D3A5-D5B1-36A4037B9421%7D&AppID=UEEditor.Rocket.Release&AppVersion=4.25.1-13594126%2B%2B%2BUE4%2BRelease-4.25&UserID=ffd1602e4b7bdd62ce5ca7be0471725d%7C5429a31f16914ef6908d632108430323%7C20012fac-2f76-4a24-b46e-7478c866ee25&AppEnvironment=datacollector-source&UploadType=eteventstream
[2020.07.08-11.33.09:860][807]LogSlate: Took 0.000179 seconds to synchronously load lazily loaded font '../../../Engine/Content/Slate/Fonts/Roboto-BoldCondensedItalic.ttf' (160K)
[2020.07.08-11.33.27:096][820]BlueprintLog: New page: Compile ThirdPersonCharacter
[2020.07.08-11.33.27:166][820]LogUObjectHash: Compacting FUObjectHashTables data took   3.98ms
[2020.07.08-11.33.28:201][873]Cmd: OBJ SAVEPACKAGE PACKAGE="/Game/ThirdPersonBP/Blueprints/ThirdPersonCharacter" FILE="../../../../../../Rune/Rune/Content/ThirdPersonBP/Blueprints/ThirdPersonCharacter.uasset" SILENT=true
[2020.07.08-11.33.28:240][873]LogSavePackage: Moving '../../../../../../Rune/Rune/Saved/ThirdPersonCharacterDA84F9E44296F7318674B8AB0F08CDDA.tmp' to '../../../../../../Rune/Rune/Content/ThirdPersonBP/Blueprints/ThirdPersonCharacter.uasset'
[2020.07.08-11.33.28:254][873]AssetCheck: New page: Asset Save: ThirdPersonCharacter
[2020.07.08-11.33.28:254][873]LogContentValidation: Display: Validating Blueprint /Game/ThirdPersonBP/Blueprints/ThirdPersonCharacter.ThirdPersonCharacter
[2020.07.08-11.33.40:159][580]BlueprintLog: New page: Compile ThirdPersonCharacter
[2020.07.08-11.33.40:239][580]LogUObjectHash: Compacting FUObjectHashTables data took   4.70ms
[2020.07.08-11.33.40:738][601]Cmd: OBJ SAVEPACKAGE PACKAGE="/Game/ThirdPersonBP/Blueprints/ThirdPersonCharacter" FILE="../../../../../../Rune/Rune/Content/ThirdPersonBP/Blueprints/ThirdPersonCharacter.uasset" SILENT=true
[2020.07.08-11.33.40:806][601]LogSavePackage: Moving '../../../../../../Rune/Rune/Saved/ThirdPersonCharacter70710AB14835BD9B648448A340129420.tmp' to '../../../../../../Rune/Rune/Content/ThirdPersonBP/Blueprints/ThirdPersonCharacter.uasset'
[2020.07.08-11.33.40:827][601]AssetCheck: New page: Asset Save: ThirdPersonCharacter
[2020.07.08-11.33.40:827][601]LogContentValidation: Display: Validating Blueprint /Game/ThirdPersonBP/Blueprints/ThirdPersonCharacter.ThirdPersonCharacter
[2020.07.08-11.34.33:524][125]BlueprintLog: New page: Compile ThirdPersonCharacter
[2020.07.08-11.34.33:589][125]LogUObjectHash: Compacting FUObjectHashTables data took   3.83ms
[2020.07.08-11.34.34:261][158]Cmd: OBJ SAVEPACKAGE PACKAGE="/Game/ThirdPersonBP/Blueprints/ThirdPersonCharacter" FILE="../../../../../../Rune/Rune/Content/ThirdPersonBP/Blueprints/ThirdPersonCharacter.uasset" SILENT=true
[2020.07.08-11.34.34:297][158]LogSavePackage: Moving '../../../../../../Rune/Rune/Saved/ThirdPersonCharacter7562D8B64C8F07A207F84B9D3007EE76.tmp' to '../../../../../../Rune/Rune/Content/ThirdPersonBP/Blueprints/ThirdPersonCharacter.uasset'
[2020.07.08-11.34.34:318][158]AssetCheck: New page: Asset Save: ThirdPersonCharacter
[2020.07.08-11.34.34:318][158]LogContentValidation: Display: Validating Blueprint /Game/ThirdPersonBP/Blueprints/ThirdPersonCharacter.ThirdPersonCharacter
[2020.07.08-11.35.05:494][344]LogHttp: Warning: 0000019602AD5600: invalid HTTP response code received. URL: https://datarouter.ol.epicgames.com/datarouter/api/v1/public/data?SessionID=%7BBBD86349-4531-D3A5-D5B1-36A4037B9421%7D&AppID=UEEditor.Rocket.Release&AppVersion=4.25.1-13594126%2B%2B%2BUE4%2BRelease-4.25&UserID=ffd1602e4b7bdd62ce5ca7be0471725d%7C5429a31f16914ef6908d632108430323%7C20012fac-2f76-4a24-b46e-7478c866ee25&AppEnvironment=datacollector-source&UploadType=eteventstream, HTTP code: 0, content length: 0, actual payload size: 0
[2020.07.08-11.35.05:494][344]LogHttp: Warning: 0000019602AD5600: request failed, libcurl error: 35 (SSL connect error)
[2020.07.08-11.35.05:494][344]LogHttp: Warning: 0000019602AD5600: libcurl info message cache 0 (Hostname in DNS cache was stale, zapped)
[2020.07.08-11.35.05:494][344]LogHttp: Warning: 0000019602AD5600: libcurl info message cache 1 (  Trying 18.204.80.106...)
[2020.07.08-11.35.05:494][344]LogHttp: Warning: 0000019602AD5600: libcurl info message cache 2 (TCP_NODELAY set)
[2020.07.08-11.35.05:494][344]LogHttp: Warning: 0000019602AD5600: libcurl info message cache 3 (Connected to datarouter.ol.epicgames.com (18.204.80.106) port 443 (#5))
[2020.07.08-11.35.05:494][344]LogHttp: Warning: 0000019602AD5600: libcurl info message cache 4 (ALPN, offering http/1.1)
[2020.07.08-11.35.05:494][344]LogHttp: Warning: 0000019602AD5600: libcurl info message cache 5 (Cipher selection: ALL:!EXPORT:!EXPORT40:!EXPORT56:!aNULL:!LOW:!RC4:@STRENGTH)
[2020.07.08-11.35.05:494][344]LogHttp: Warning: 0000019602AD5600: libcurl info message cache 6 (TLSv1.3 (OUT), TLS handshake, Client hello (1):)
[2020.07.08-11.35.05:494][344]LogHttp: Warning: 0000019602AD5600: libcurl info message cache 7 (OpenSSL SSL_connect: SSL_ERROR_SYSCALL in connection to datarouter.ol.epicgames.com:443 )
[2020.07.08-11.35.05:494][344]LogHttp: Warning: 0000019602AD5600: libcurl info message cache 8 (Closing connection 5)
[2020.07.08-11.35.05:494][344]LogHttp: Warning: Retry exhausted on https://datarouter.ol.epicgames.com/datarouter/api/v1/public/data?SessionID=%7BBBD86349-4531-D3A5-D5B1-36A4037B9421%7D&AppID=UEEditor.Rocket.Release&AppVersion=4.25.1-13594126%2B%2B%2BUE4%2BRelease-4.25&UserID=ffd1602e4b7bdd62ce5ca7be0471725d%7C5429a31f16914ef6908d632108430323%7C20012fac-2f76-4a24-b46e-7478c866ee25&AppEnvironment=datacollector-source&UploadType=eteventstream
[2020.07.08-11.35.40:197][898]BlueprintLog: New page: Compile ThirdPersonCharacter
[2020.07.08-11.35.40:484][898]LogUObjectHash: Compacting FUObjectHashTables data took  15.87ms
[2020.07.08-11.35.41:672][925]Cmd: OBJ SAVEPACKAGE PACKAGE="/Game/ThirdPersonBP/Blueprints/ThirdPersonCharacter" FILE="../../../../../../Rune/Rune/Content/ThirdPersonBP/Blueprints/ThirdPersonCharacter.uasset" SILENT=true
[2020.07.08-11.35.41:841][925]LogSavePackage: Moving '../../../../../../Rune/Rune/Saved/ThirdPersonCharacter11F5D9174B88C8391A0D7C9D34E73E94.tmp' to '../../../../../../Rune/Rune/Content/ThirdPersonBP/Blueprints/ThirdPersonCharacter.uasset'
[2020.07.08-11.35.41:869][925]AssetCheck: New page: Asset Save: ThirdPersonCharacter
[2020.07.08-11.35.41:870][925]LogContentValidation: Display: Validating Blueprint /Game/ThirdPersonBP/Blueprints/ThirdPersonCharacter.ThirdPersonCharacter
[2020.07.08-11.37.21:470][684]LogD3D11RHI: Timed out while waiting for GPU to catch up. (0.5 s) (ErrorCode 00000001)
[2020.07.08-11.37.21:856][684]LogRHI: Error: Present Fail Count 1
[2020.07.08-11.37.21:856][684]LogRHI: Error: SyncInterval 0
[2020.07.08-11.37.21:856][684]LogRHI: Error: SwapChainDesc.BufferDesc.Width 1936
[2020.07.08-11.37.21:856][684]LogRHI: Error: SwapChainDesc.BufferDesc.Height 1056
[2020.07.08-11.37.21:857][684]LogRHI: Error: SwapChainDesc.BufferDesc.RefreshRate.Numerator 0
[2020.07.08-11.37.21:857][684]LogRHI: Error: SwapChainDesc.BufferDesc.RefreshRate.Denominator 0
[2020.07.08-11.37.21:857][684]LogRHI: Error: SwapChainDesc.BufferDesc.Format 24
[2020.07.08-11.37.21:857][684]LogRHI: Error: SwapChainDesc.BufferDesc.ScanlineOrdering 0
[2020.07.08-11.37.21:857][684]LogRHI: Error: SwapChainDesc.BufferDesc.Scaling 0
[2020.07.08-11.37.21:857][684]LogRHI: Error: SwapChainDesc.SampleDesc.Count 1
[2020.07.08-11.37.21:857][684]LogRHI: Error: SwapChainDesc.SampleDesc.Quality 0
[2020.07.08-11.37.21:857][684]LogRHI: Error: SwapChainDesc.BufferUsage 48
[2020.07.08-11.37.21:857][684]LogRHI: Error: SwapChainDesc.BufferCount 2
[2020.07.08-11.37.21:857][684]LogRHI: Error: SwapChainDesc.OutputWindow 00000000001B0728
[2020.07.08-11.37.21:857][684]LogRHI: Error: SwapChainDesc.Windowed true
[2020.07.08-11.37.21:857][684]LogRHI: Error: SwapChainDesc.SwapEffect 4
[2020.07.08-11.37.21:857][684]LogRHI: Error: SwapChainDesc.Flags 2050
[2020.07.08-11.37.21:905][687]LogRHI: Error: Present Fail Count 2
[2020.07.08-11.37.21:905][687]LogRHI: Error: SyncInterval 0
[2020.07.08-11.37.21:905][687]LogRHI: Error: SwapChainDesc.BufferDesc.Width 1936
[2020.07.08-11.37.21:905][687]LogRHI: Error: SwapChainDesc.BufferDesc.Height 1056
[2020.07.08-11.37.21:905][687]LogRHI: Error: SwapChainDesc.BufferDesc.RefreshRate.Numerator 0
[2020.07.08-11.37.21:905][687]LogRHI: Error: SwapChainDesc.BufferDesc.RefreshRate.Denominator 0
[2020.07.08-11.37.21:905][687]LogRHI: Error: SwapChainDesc.BufferDesc.Format 24
[2020.07.08-11.37.21:905][687]LogRHI: Error: SwapChainDesc.BufferDesc.ScanlineOrdering 0
[2020.07.08-11.37.21:905][687]LogRHI: Error: SwapChainDesc.BufferDesc.Scaling 0
[2020.07.08-11.37.21:905][687]LogRHI: Error: SwapChainDesc.SampleDesc.Count 1
[2020.07.08-11.37.21:905][687]LogRHI: Error: SwapChainDesc.SampleDesc.Quality 0
[2020.07.08-11.37.21:905][687]LogRHI: Error: SwapChainDesc.BufferUsage 48
[2020.07.08-11.37.21:905][687]LogRHI: Error: SwapChainDesc.BufferCount 2
[2020.07.08-11.37.21:905][687]LogRHI: Error: SwapChainDesc.OutputWindow 00000000001B0728
[2020.07.08-11.37.21:905][687]LogRHI: Error: SwapChainDesc.Windowed true
[2020.07.08-11.37.21:905][687]LogRHI: Error: SwapChainDesc.SwapEffect 4
[2020.07.08-11.37.21:905][687]LogRHI: Error: SwapChainDesc.Flags 2050
[2020.07.08-11.37.21:953][690]LogRHI: Error: Present Fail Count 3
[2020.07.08-11.37.21:953][690]LogRHI: Error: SyncInterval 0
[2020.07.08-11.37.21:953][690]LogRHI: Error: SwapChainDesc.BufferDesc.Width 1936
[2020.07.08-11.37.21:953][690]LogRHI: Error: SwapChainDesc.BufferDesc.Height 1056
[2020.07.08-11.37.21:953][690]LogRHI: Error: SwapChainDesc.BufferDesc.RefreshRate.Numerator 0
[2020.07.08-11.37.21:953][690]LogRHI: Error: SwapChainDesc.BufferDesc.RefreshRate.Denominator 0
[2020.07.08-11.37.21:953][690]LogRHI: Error: SwapChainDesc.BufferDesc.Format 24
[2020.07.08-11.37.21:953][690]LogRHI: Error: SwapChainDesc.BufferDesc.ScanlineOrdering 0
[2020.07.08-11.37.21:953][690]LogRHI: Error: SwapChainDesc.BufferDesc.Scaling 0
[2020.07.08-11.37.21:953][690]LogRHI: Error: SwapChainDesc.SampleDesc.Count 1
[2020.07.08-11.37.21:953][690]LogRHI: Error: SwapChainDesc.SampleDesc.Quality 0
[2020.07.08-11.37.21:953][690]LogRHI: Error: SwapChainDesc.BufferUsage 48
[2020.07.08-11.37.21:953][690]LogRHI: Error: SwapChainDesc.BufferCount 2
[2020.07.08-11.37.21:953][690]LogRHI: Error: SwapChainDesc.OutputWindow 00000000001B0728
[2020.07.08-11.37.21:954][690]LogRHI: Error: SwapChainDesc.Windowed true
[2020.07.08-11.37.21:954][690]LogRHI: Error: SwapChainDesc.SwapEffect 4
[2020.07.08-11.37.21:954][690]LogRHI: Error: SwapChainDesc.Flags 2050
[2020.07.08-11.37.22:005][693]LogRHI: Error: Present Fail Count 4
[2020.07.08-11.37.22:005][693]LogRHI: Error: SyncInterval 0
[2020.07.08-11.37.22:005][693]LogRHI: Error: SwapChainDesc.BufferDesc.Width 1936
[2020.07.08-11.37.22:005][693]LogRHI: Error: SwapChainDesc.BufferDesc.Height 1056
[2020.07.08-11.37.22:005][693]LogRHI: Error: SwapChainDesc.BufferDesc.RefreshRate.Numerator 0
[2020.07.08-11.37.22:005][693]LogRHI: Error: SwapChainDesc.BufferDesc.RefreshRate.Denominator 0
[2020.07.08-11.37.22:005][693]LogRHI: Error: SwapChainDesc.BufferDesc.Format 24
[2020.07.08-11.37.22:005][693]LogRHI: Error: SwapChainDesc.BufferDesc.ScanlineOrdering 0
[2020.07.08-11.37.22:005][693]LogRHI: Error: SwapChainDesc.BufferDesc.Scaling 0
[2020.07.08-11.37.22:005][693]LogRHI: Error: SwapChainDesc.SampleDesc.Count 1
[2020.07.08-11.37.22:005][693]LogRHI: Error: SwapChainDesc.SampleDesc.Quality 0
[2020.07.08-11.37.22:005][693]LogRHI: Error: SwapChainDesc.BufferUsage 48
[2020.07.08-11.37.22:005][693]LogRHI: Error: SwapChainDesc.BufferCount 2
[2020.07.08-11.37.22:005][693]LogRHI: Error: SwapChainDesc.OutputWindow 00000000001B0728
[2020.07.08-11.37.22:005][693]LogRHI: Error: SwapChainDesc.Windowed true
[2020.07.08-11.37.22:005][693]LogRHI: Error: SwapChainDesc.SwapEffect 4
[2020.07.08-11.37.22:005][693]LogRHI: Error: SwapChainDesc.Flags 2050
[2020.07.08-11.37.22:054][696]LogRHI: Error: Present Fail Count 5
[2020.07.08-11.37.22:054][696]LogRHI: Error: SyncInterval 0
[2020.07.08-11.37.22:054][696]LogRHI: Error: SwapChainDesc.BufferDesc.Width 1936
[2020.07.08-11.37.22:054][696]LogRHI: Error: SwapChainDesc.BufferDesc.Height 1056
[2020.07.08-11.37.22:054][696]LogRHI: Error: SwapChainDesc.BufferDesc.RefreshRate.Numerator 0
[2020.07.08-11.37.22:054][696]LogRHI: Error: SwapChainDesc.BufferDesc.RefreshRate.Denominator 0
[2020.07.08-11.37.22:054][696]LogRHI: Error: SwapChainDesc.BufferDesc.Format 24
[2020.07.08-11.37.22:054][696]LogRHI: Error: SwapChainDesc.BufferDesc.ScanlineOrdering 0
[2020.07.08-11.37.22:054][696]LogRHI: Error: SwapChainDesc.BufferDesc.Scaling 0
[2020.07.08-11.37.22:054][696]LogRHI: Error: SwapChainDesc.SampleDesc.Count 1
[2020.07.08-11.37.22:054][696]LogRHI: Error: SwapChainDesc.SampleDesc.Quality 0
[2020.07.08-11.37.22:054][696]LogRHI: Error: SwapChainDesc.BufferUsage 48
[2020.07.08-11.37.22:054][696]LogRHI: Error: SwapChainDesc.BufferCount 2
[2020.07.08-11.37.22:054][696]LogRHI: Error: SwapChainDesc.OutputWindow 00000000001B0728
[2020.07.08-11.37.22:054][696]LogRHI: Error: SwapChainDesc.Windowed true
[2020.07.08-11.37.22:054][696]LogRHI: Error: SwapChainDesc.SwapEffect 4
[2020.07.08-11.37.22:054][696]LogRHI: Error: SwapChainDesc.Flags 2050
[2020.07.08-11.37.22:104][699]LogRHI: Error: Present Fail Count 6
[2020.07.08-11.37.22:104][699]LogRHI: Error: SyncInterval 0
[2020.07.08-11.37.22:104][699]LogRHI: Error: SwapChainDesc.BufferDesc.Width 1936
[2020.07.08-11.37.22:104][699]LogRHI: Error: SwapChainDesc.BufferDesc.Height 1056
[2020.07.08-11.37.22:104][699]LogRHI: Error: SwapChainDesc.BufferDesc.RefreshRate.Numerator 0
[2020.07.08-11.37.22:104][699]LogRHI: Error: SwapChainDesc.BufferDesc.RefreshRate.Denominator 0
[2020.07.08-11.37.22:104][699]LogRHI: Error: SwapChainDesc.BufferDesc.Format 24
[2020.07.08-11.37.22:104][699]LogRHI: Error: SwapChainDesc.BufferDesc.ScanlineOrdering 0
[2020.07.08-11.37.22:104][699]LogRHI: Error: SwapChainDesc.BufferDesc.Scaling 0
[2020.07.08-11.37.22:104][699]LogRHI: Error: SwapChainDesc.SampleDesc.Count 1
[2020.07.08-11.37.22:104][699]LogRHI: Error: SwapChainDesc.SampleDesc.Quality 0
[2020.07.08-11.37.22:104][699]LogRHI: Error: SwapChainDesc.BufferUsage 48
[2020.07.08-11.37.22:104][699]LogRHI: Error: SwapChainDesc.BufferCount 2
[2020.07.08-11.37.22:104][699]LogRHI: Error: SwapChainDesc.OutputWindow 00000000001B0728
[2020.07.08-11.37.22:104][699]LogRHI: Error: SwapChainDesc.Windowed true
[2020.07.08-11.37.22:104][699]LogRHI: Error: SwapChainDesc.SwapEffect 4
[2020.07.08-11.37.22:104][699]LogRHI: Error: SwapChainDesc.Flags 2050
[2020.07.08-11.37.22:154][702]LogRHI: Error: Present Fail Count 7
[2020.07.08-11.37.22:154][702]LogRHI: Error: SyncInterval 0
[2020.07.08-11.37.22:154][702]LogRHI: Error: SwapChainDesc.BufferDesc.Width 1936
[2020.07.08-11.37.22:154][702]LogRHI: Error: SwapChainDesc.BufferDesc.Height 1056
[2020.07.08-11.37.22:154][702]LogRHI: Error: SwapChainDesc.BufferDesc.RefreshRate.Numerator 0
[2020.07.08-11.37.22:154][702]LogRHI: Error: SwapChainDesc.BufferDesc.RefreshRate.Denominator 0
[2020.07.08-11.37.22:154][702]LogRHI: Error: SwapChainDesc.BufferDesc.Format 24
[2020.07.08-11.37.22:154][702]LogRHI: Error: SwapChainDesc.BufferDesc.ScanlineOrdering 0
[2020.07.08-11.37.22:154][702]LogRHI: Error: SwapChainDesc.BufferDesc.Scaling 0
[2020.07.08-11.37.22:154][702]LogRHI: Error: SwapChainDesc.SampleDesc.Count 1
[2020.07.08-11.37.22:154][702]LogRHI: Error: SwapChainDesc.SampleDesc.Quality 0
[2020.07.08-11.37.22:154][702]LogRHI: Error: SwapChainDesc.BufferUsage 48
[2020.07.08-11.37.22:155][702]LogRHI: Error: SwapChainDesc.BufferCount 2
[2020.07.08-11.37.22:155][702]LogRHI: Error: SwapChainDesc.OutputWindow 00000000001B0728
[2020.07.08-11.37.22:155][702]LogRHI: Error: SwapChainDesc.Windowed true
[2020.07.08-11.37.22:155][702]LogRHI: Error: SwapChainDesc.SwapEffect 4
[2020.07.08-11.37.22:155][702]LogRHI: Error: SwapChainDesc.Flags 2050
[2020.07.08-11.37.22:204][705]LogRHI: Error: Present Fail Count 8
[2020.07.08-11.37.22:205][705]LogRHI: Error: SyncInterval 0
[2020.07.08-11.37.22:205][705]LogRHI: Error: SwapChainDesc.BufferDesc.Width 1936
[2020.07.08-11.37.22:205][705]LogRHI: Error: SwapChainDesc.BufferDesc.Height 1056
[2020.07.08-11.37.22:205][705]LogRHI: Error: SwapChainDesc.BufferDesc.RefreshRate.Numerator 0
[2020.07.08-11.37.22:205][705]LogRHI: Error: SwapChainDesc.BufferDesc.RefreshRate.Denominator 0
[2020.07.08-11.37.22:205][705]LogRHI: Error: SwapChainDesc.BufferDesc.Format 24
[2020.07.08-11.37.22:205][705]LogRHI: Error: SwapChainDesc.BufferDesc.ScanlineOrdering 0
[2020.07.08-11.37.22:205][705]LogRHI: Error: SwapChainDesc.BufferDesc.Scaling 0
[2020.07.08-11.37.22:205][705]LogRHI: Error: SwapChainDesc.SampleDesc.Count 1
[2020.07.08-11.37.22:205][705]LogRHI: Error: SwapChainDesc.SampleDesc.Quality 0
[2020.07.08-11.37.22:205][705]LogRHI: Error: SwapChainDesc.BufferUsage 48
[2020.07.08-11.37.22:205][705]LogRHI: Error: SwapChainDesc.BufferCount 2
[2020.07.08-11.37.22:205][705]LogRHI: Error: SwapChainDesc.OutputWindow 00000000001B0728
[2020.07.08-11.37.22:205][705]LogRHI: Error: SwapChainDesc.Windowed true
[2020.07.08-11.37.22:205][705]LogRHI: Error: SwapChainDesc.SwapEffect 4
[2020.07.08-11.37.22:205][705]LogRHI: Error: SwapChainDesc.Flags 2050
[2020.07.08-11.37.22:254][708]LogRHI: Error: Present Fail Count 9
[2020.07.08-11.37.22:254][708]LogRHI: Error: SyncInterval 0
[2020.07.08-11.37.22:254][708]LogRHI: Error: SwapChainDesc.BufferDesc.Width 1936
[2020.07.08-11.37.22:254][708]LogRHI: Error: SwapChainDesc.BufferDesc.Height 1056
[2020.07.08-11.37.22:254][708]LogRHI: Error: SwapChainDesc.BufferDesc.RefreshRate.Numerator 0
[2020.07.08-11.37.22:254][708]LogRHI: Error: SwapChainDesc.BufferDesc.RefreshRate.Denominator 0
[2020.07.08-11.37.22:254][708]LogRHI: Error: SwapChainDesc.BufferDesc.Format 24
[2020.07.08-11.37.22:254][708]LogRHI: Error: SwapChainDesc.BufferDesc.ScanlineOrdering 0
[2020.07.08-11.37.22:254][708]LogRHI: Error: SwapChainDesc.BufferDesc.Scaling 0
[2020.07.08-11.37.22:254][708]LogRHI: Error: SwapChainDesc.SampleDesc.Count 1
[2020.07.08-11.37.22:254][708]LogRHI: Error: SwapChainDesc.SampleDesc.Quality 0
[2020.07.08-11.37.22:254][708]LogRHI: Error: SwapChainDesc.BufferUsage 48
[2020.07.08-11.37.22:255][708]LogRHI: Error: SwapChainDesc.BufferCount 2
[2020.07.08-11.37.22:255][708]LogRHI: Error: SwapChainDesc.OutputWindow 00000000001B0728
[2020.07.08-11.37.22:255][708]LogRHI: Error: SwapChainDesc.Windowed true
[2020.07.08-11.37.22:255][708]LogRHI: Error: SwapChainDesc.SwapEffect 4
[2020.07.08-11.37.22:255][708]LogRHI: Error: SwapChainDesc.Flags 2050
[2020.07.08-11.37.22:306][711]LogRHI: Error: Present Fail Count 10
[2020.07.08-11.37.22:307][711]LogRHI: Error: SyncInterval 0
[2020.07.08-11.37.22:307][711]LogRHI: Error: SwapChainDesc.BufferDesc.Width 1936
[2020.07.08-11.37.22:307][711]LogRHI: Error: SwapChainDesc.BufferDesc.Height 1056
[2020.07.08-11.37.22:307][711]LogRHI: Error: SwapChainDesc.BufferDesc.RefreshRate.Numerator 0
[2020.07.08-11.37.22:307][711]LogRHI: Error: SwapChainDesc.BufferDesc.RefreshRate.Denominator 0
[2020.07.08-11.37.22:307][711]LogRHI: Error: SwapChainDesc.BufferDesc.Format 24
[2020.07.08-11.37.22:307][711]LogRHI: Error: SwapChainDesc.BufferDesc.ScanlineOrdering 0
[2020.07.08-11.37.22:307][711]LogRHI: Error: SwapChainDesc.BufferDesc.Scaling 0
[2020.07.08-11.37.22:307][711]LogRHI: Error: SwapChainDesc.SampleDesc.Count 1
[2020.07.08-11.37.22:307][711]LogRHI: Error: SwapChainDesc.SampleDesc.Quality 0
[2020.07.08-11.37.22:307][711]LogRHI: Error: SwapChainDesc.BufferUsage 48
[2020.07.08-11.37.22:307][711]LogRHI: Error: SwapChainDesc.BufferCount 2
[2020.07.08-11.37.22:307][711]LogRHI: Error: SwapChainDesc.OutputWindow 00000000001B0728
[2020.07.08-11.37.22:307][711]LogRHI: Error: SwapChainDesc.Windowed true
[2020.07.08-11.37.22:307][711]LogRHI: Error: SwapChainDesc.SwapEffect 4
[2020.07.08-11.37.22:307][711]LogRHI: Error: SwapChainDesc.Flags 2050
[2020.07.08-11.37.22:353][714]LogRHI: Error: Present Fail Count 11
[2020.07.08-11.37.22:353][714]LogRHI: Error: SyncInterval 0
[2020.07.08-11.37.22:353][714]LogRHI: Error: SwapChainDesc.BufferDesc.Width 1936
[2020.07.08-11.37.22:353][714]LogRHI: Error: SwapChainDesc.BufferDesc.Height 1056
[2020.07.08-11.37.22:353][714]LogRHI: Error: SwapChainDesc.BufferDesc.RefreshRate.Numerator 0
[2020.07.08-11.37.22:353][714]LogRHI: Error: SwapChainDesc.BufferDesc.RefreshRate.Denominator 0
[2020.07.08-11.37.22:353][714]LogRHI: Error: SwapChainDesc.BufferDesc.Format 24
[2020.07.08-11.37.22:353][714]LogRHI: Error: SwapChainDesc.BufferDesc.ScanlineOrdering 0
[2020.07.08-11.37.22:353][714]LogRHI: Error: SwapChainDesc.BufferDesc.Scaling 0
[2020.07.08-11.37.22:353][714]LogRHI: Error: SwapChainDesc.SampleDesc.Count 1
[2020.07.08-11.37.22:353][714]LogRHI: Error: SwapChainDesc.SampleDesc.Quality 0
[2020.07.08-11.37.22:353][714]LogRHI: Error: SwapChainDesc.BufferUsage 48
[2020.07.08-11.37.22:353][714]LogRHI: Error: SwapChainDesc.BufferCount 2
[2020.07.08-11.37.22:353][714]LogRHI: Error: SwapChainDesc.OutputWindow 00000000001B0728
[2020.07.08-11.37.22:353][714]LogRHI: Error: SwapChainDesc.Windowed true
[2020.07.08-11.37.22:353][714]LogRHI: Error: SwapChainDesc.SwapEffect 4
[2020.07.08-11.37.22:353][714]LogRHI: Error: SwapChainDesc.Flags 2050
[2020.07.08-11.37.22:353][714]LogD3D11RHI: Error: Result failed 
 at D:/Build/++UE4+Licensee/Sync/Engine/Source/Runtime/Windows/D3D11RHI/Private/D3D11Viewport.cpp:388 
 with error DXGI_ERROR_DEVICE_REMOVED 00000000
[2020.07.08-11.37.22:353][714]LogD3D11RHI: [Aftermath] GDynamicRHI=00000195CD6500C0, GDX11NVAfterMathEnabled=1, Result=0x00000001, bDeviceActive=1
[2020.07.08-11.37.22:353][714]LogWindows: Windows GetLastError: L’opération a réussi. (0)
[2020.07.08-11.37.26:525][715]LogWindows: FPlatformMisc::RequestExit(0)
[2020.07.08-11.37.26:525][715]LogCore: Engine exit requested (reason: Win RequestExit)
[2020.07.08-11.37.26:525][715]LogWindows: FPlatformMisc::RequestExit(1)
[2020.07.08-11.37.26:525][715]LogCore: Engine exit requested (reason: Win RequestExit; note: exit was already requested)
[2020.07.08-11.37.26:659][715]Log file closed, 07/08/20 13:37:26
